2018-11-15 11:07:38,492 ERROR [Thread-0] com.popoaichuiniu.intentGen.IntentConditionTransformSymbolicExcutation.internalTransform(192) | /media/mobile/myExperiment/idea_ApkIntentAnalysis/repeat_experiment/拍大师.apk&&RunTimeException###singleSootMethodIntentFlowAnalysis出现错误！###java.lang.RuntimeException: singleSootMethodIntentFlowAnalysis出现错误！
	at com.popoaichuiniu.intentGen.OverallIntentFlowAnalysis.process(OverallIntentFlowAnalysis.java:92)
	at com.popoaichuiniu.intentGen.OverallIntentFlowAnalysis.<init>(OverallIntentFlowAnalysis.java:33)
	at com.popoaichuiniu.intentGen.MyCallGraph.<init>(MyCallGraph.java:96)
	at com.popoaichuiniu.intentGen.IntentConditionTransformSymbolicExcutation.findEAToTargetUnit(IntentConditionTransformSymbolicExcutation.java:507)
	at com.popoaichuiniu.intentGen.IntentConditionTransformSymbolicExcutation.analysisSootMethod(IntentConditionTransformSymbolicExcutation.java:448)
	at com.popoaichuiniu.intentGen.IntentConditionTransformSymbolicExcutation.internalTransform(IntentConditionTransformSymbolicExcutation.java:185)
	at soot.SceneTransformer.transform(SceneTransformer.java:39)
	at soot.Transform.apply(Transform.java:90)
	at soot.ScenePack.internalApply(ScenePack.java:40)
	at soot.Pack.apply(Pack.java:118)
	at com.popoaichuiniu.intentGen.IntentConditionTransformSymbolicExcutation.run(IntentConditionTransformSymbolicExcutation.java:4318)
	at com.popoaichuiniu.intentGen.IntentConditionTransformSymbolicExcutation$1.run(IntentConditionTransformSymbolicExcutation.java:4364)
	at java.lang.Thread.run(Thread.java:748)

2018-11-15 11:08:41,066 ERROR [Thread-11] com.popoaichuiniu.intentGen.IntentConditionTransformSymbolicExcutation.internalTransform(192) | /media/mobile/myExperiment/idea_ApkIntentAnalysis/repeat_experiment/星巴克.apk&&RunTimeException###singleSootMethodIntentFlowAnalysis出现错误！###java.lang.RuntimeException: singleSootMethodIntentFlowAnalysis出现错误！
	at com.popoaichuiniu.intentGen.OverallIntentFlowAnalysis.process(OverallIntentFlowAnalysis.java:92)
	at com.popoaichuiniu.intentGen.OverallIntentFlowAnalysis.<init>(OverallIntentFlowAnalysis.java:33)
	at com.popoaichuiniu.intentGen.MyCallGraph.<init>(MyCallGraph.java:96)
	at com.popoaichuiniu.intentGen.IntentConditionTransformSymbolicExcutation.findEAToTargetUnit(IntentConditionTransformSymbolicExcutation.java:507)
	at com.popoaichuiniu.intentGen.IntentConditionTransformSymbolicExcutation.analysisSootMethod(IntentConditionTransformSymbolicExcutation.java:448)
	at com.popoaichuiniu.intentGen.IntentConditionTransformSymbolicExcutation.internalTransform(IntentConditionTransformSymbolicExcutation.java:185)
	at soot.SceneTransformer.transform(SceneTransformer.java:39)
	at soot.Transform.apply(Transform.java:90)
	at soot.ScenePack.internalApply(ScenePack.java:40)
	at soot.Pack.apply(Pack.java:118)
	at com.popoaichuiniu.intentGen.IntentConditionTransformSymbolicExcutation.run(IntentConditionTransformSymbolicExcutation.java:4318)
	at com.popoaichuiniu.intentGen.IntentConditionTransformSymbolicExcutation$1.run(IntentConditionTransformSymbolicExcutation.java:4364)
	at java.lang.Thread.run(Thread.java:748)

2018-11-15 11:08:54,199 ERROR [Thread-21] com.popoaichuiniu.intentGen.IntentConditionTransformSymbolicExcutation.internalTransform(192) | /media/mobile/myExperiment/idea_ApkIntentAnalysis/repeat_experiment/搜狗壁纸.apk&&RunTimeException###singleSootMethodIntentFlowAnalysis出现错误！###java.lang.RuntimeException: singleSootMethodIntentFlowAnalysis出现错误！
	at com.popoaichuiniu.intentGen.OverallIntentFlowAnalysis.process(OverallIntentFlowAnalysis.java:92)
	at com.popoaichuiniu.intentGen.OverallIntentFlowAnalysis.<init>(OverallIntentFlowAnalysis.java:33)
	at com.popoaichuiniu.intentGen.MyCallGraph.<init>(MyCallGraph.java:96)
	at com.popoaichuiniu.intentGen.IntentConditionTransformSymbolicExcutation.findEAToTargetUnit(IntentConditionTransformSymbolicExcutation.java:507)
	at com.popoaichuiniu.intentGen.IntentConditionTransformSymbolicExcutation.analysisSootMethod(IntentConditionTransformSymbolicExcutation.java:448)
	at com.popoaichuiniu.intentGen.IntentConditionTransformSymbolicExcutation.internalTransform(IntentConditionTransformSymbolicExcutation.java:185)
	at soot.SceneTransformer.transform(SceneTransformer.java:39)
	at soot.Transform.apply(Transform.java:90)
	at soot.ScenePack.internalApply(ScenePack.java:40)
	at soot.Pack.apply(Pack.java:118)
	at com.popoaichuiniu.intentGen.IntentConditionTransformSymbolicExcutation.run(IntentConditionTransformSymbolicExcutation.java:4318)
	at com.popoaichuiniu.intentGen.IntentConditionTransformSymbolicExcutation$1.run(IntentConditionTransformSymbolicExcutation.java:4364)
	at java.lang.Thread.run(Thread.java:748)

2018-11-15 11:09:20,527 ERROR [Thread-31] com.popoaichuiniu.intentGen.IntentConditionTransformSymbolicExcutation.internalTransform(192) | /media/mobile/myExperiment/idea_ApkIntentAnalysis/repeat_experiment/91锁屏.apk&&RunTimeException###singleSootMethodIntentFlowAnalysis出现错误！###java.lang.RuntimeException: singleSootMethodIntentFlowAnalysis出现错误！
	at com.popoaichuiniu.intentGen.OverallIntentFlowAnalysis.process(OverallIntentFlowAnalysis.java:92)
	at com.popoaichuiniu.intentGen.OverallIntentFlowAnalysis.<init>(OverallIntentFlowAnalysis.java:33)
	at com.popoaichuiniu.intentGen.MyCallGraph.<init>(MyCallGraph.java:96)
	at com.popoaichuiniu.intentGen.IntentConditionTransformSymbolicExcutation.findEAToTargetUnit(IntentConditionTransformSymbolicExcutation.java:507)
	at com.popoaichuiniu.intentGen.IntentConditionTransformSymbolicExcutation.analysisSootMethod(IntentConditionTransformSymbolicExcutation.java:448)
	at com.popoaichuiniu.intentGen.IntentConditionTransformSymbolicExcutation.internalTransform(IntentConditionTransformSymbolicExcutation.java:185)
	at soot.SceneTransformer.transform(SceneTransformer.java:39)
	at soot.Transform.apply(Transform.java:90)
	at soot.ScenePack.internalApply(ScenePack.java:40)
	at soot.Pack.apply(Pack.java:118)
	at com.popoaichuiniu.intentGen.IntentConditionTransformSymbolicExcutation.run(IntentConditionTransformSymbolicExcutation.java:4318)
	at com.popoaichuiniu.intentGen.IntentConditionTransformSymbolicExcutation$1.run(IntentConditionTransformSymbolicExcutation.java:4364)
	at java.lang.Thread.run(Thread.java:748)

2018-11-15 11:10:08,448 WARN [Thread-41] com.popoaichuiniu.jacy.AndroidInfo.calcaulateEAs(201) | /media/mobile/myExperiment/idea_ApkIntentAnalysis/repeat_experiment/手机百度.apk&&<activity exported="2131492871" windowSoftInputMode="2" screenOrientation="1" name="com.baidu.home.HomeWebViewActivity" configChanges="1248" theme="2131427532" excludeFromRecents="true">exported属性异常！:exported="2131492871"

2018-11-15 11:10:08,449 WARN [Thread-41] com.popoaichuiniu.jacy.AndroidInfo.calcaulateEAs(201) | /media/mobile/myExperiment/idea_ApkIntentAnalysis/repeat_experiment/手机百度.apk&&<service exported="2131492906" name="com.baidu.performance.MonitorService" permission="com.baidu.permission.perdformance.monitor">exported属性异常！:exported="2131492906"

2018-11-15 11:10:08,450 WARN [Thread-41] com.popoaichuiniu.jacy.AndroidInfo.calcaulateEAs(201) | /media/mobile/myExperiment/idea_ApkIntentAnalysis/repeat_experiment/手机百度.apk&&<activity exported="2131492915" screenOrientation="1" name="com.baidu.searchbox.story.ReaderStartActivity" launchMode="3" theme="16973840" label="2131230738">exported属性异常！:exported="2131492915"

2018-11-15 11:10:08,450 WARN [Thread-41] com.popoaichuiniu.jacy.AndroidInfo.calcaulateEAs(201) | /media/mobile/myExperiment/idea_ApkIntentAnalysis/repeat_experiment/手机百度.apk&&<activity exported="2131492871" windowSoftInputMode="2" screenOrientation="1" name="com.baidu.personal.ui.TransferRecvSmsActivity" configChanges="1248" theme="2131427532" excludeFromRecents="true">exported属性异常！:exported="2131492871"

2018-11-15 11:10:08,450 WARN [Thread-41] com.popoaichuiniu.jacy.AndroidInfo.calcaulateEAs(201) | /media/mobile/myExperiment/idea_ApkIntentAnalysis/repeat_experiment/手机百度.apk&&<activity exported="2131492871" windowSoftInputMode="2" screenOrientation="1" name="com.baidu.personal.ui.GatheringResultActivity" configChanges="1248" theme="2131427532" excludeFromRecents="true">exported属性异常！:exported="2131492871"

2018-11-15 11:10:14,252 ERROR [Thread-41] com.popoaichuiniu.intentGen.IntentConditionTransformSymbolicExcutation.internalTransform(192) | /media/mobile/myExperiment/idea_ApkIntentAnalysis/repeat_experiment/手机百度.apk&&RunTimeException###singleSootMethodIntentFlowAnalysis出现错误！###java.lang.RuntimeException: singleSootMethodIntentFlowAnalysis出现错误！
	at com.popoaichuiniu.intentGen.OverallIntentFlowAnalysis.process(OverallIntentFlowAnalysis.java:92)
	at com.popoaichuiniu.intentGen.OverallIntentFlowAnalysis.<init>(OverallIntentFlowAnalysis.java:33)
	at com.popoaichuiniu.intentGen.MyCallGraph.<init>(MyCallGraph.java:96)
	at com.popoaichuiniu.intentGen.IntentConditionTransformSymbolicExcutation.findEAToTargetUnit(IntentConditionTransformSymbolicExcutation.java:507)
	at com.popoaichuiniu.intentGen.IntentConditionTransformSymbolicExcutation.analysisSootMethod(IntentConditionTransformSymbolicExcutation.java:448)
	at com.popoaichuiniu.intentGen.IntentConditionTransformSymbolicExcutation.internalTransform(IntentConditionTransformSymbolicExcutation.java:185)
	at soot.SceneTransformer.transform(SceneTransformer.java:39)
	at soot.Transform.apply(Transform.java:90)
	at soot.ScenePack.internalApply(ScenePack.java:40)
	at soot.Pack.apply(Pack.java:118)
	at com.popoaichuiniu.intentGen.IntentConditionTransformSymbolicExcutation.run(IntentConditionTransformSymbolicExcutation.java:4318)
	at com.popoaichuiniu.intentGen.IntentConditionTransformSymbolicExcutation$1.run(IntentConditionTransformSymbolicExcutation.java:4364)
	at java.lang.Thread.run(Thread.java:748)

2018-11-15 11:11:12,256 ERROR [Thread-52] com.popoaichuiniu.intentGen.IntentConditionTransformSymbolicExcutation.internalTransform(192) | /media/mobile/myExperiment/idea_ApkIntentAnalysis/repeat_experiment/手机营业厅.apk&&RunTimeException###singleSootMethodIntentFlowAnalysis出现错误！###java.lang.RuntimeException: singleSootMethodIntentFlowAnalysis出现错误！
	at com.popoaichuiniu.intentGen.OverallIntentFlowAnalysis.process(OverallIntentFlowAnalysis.java:92)
	at com.popoaichuiniu.intentGen.OverallIntentFlowAnalysis.<init>(OverallIntentFlowAnalysis.java:33)
	at com.popoaichuiniu.intentGen.MyCallGraph.<init>(MyCallGraph.java:96)
	at com.popoaichuiniu.intentGen.IntentConditionTransformSymbolicExcutation.findEAToTargetUnit(IntentConditionTransformSymbolicExcutation.java:507)
	at com.popoaichuiniu.intentGen.IntentConditionTransformSymbolicExcutation.analysisSootMethod(IntentConditionTransformSymbolicExcutation.java:448)
	at com.popoaichuiniu.intentGen.IntentConditionTransformSymbolicExcutation.internalTransform(IntentConditionTransformSymbolicExcutation.java:185)
	at soot.SceneTransformer.transform(SceneTransformer.java:39)
	at soot.Transform.apply(Transform.java:90)
	at soot.ScenePack.internalApply(ScenePack.java:40)
	at soot.Pack.apply(Pack.java:118)
	at com.popoaichuiniu.intentGen.IntentConditionTransformSymbolicExcutation.run(IntentConditionTransformSymbolicExcutation.java:4318)
	at com.popoaichuiniu.intentGen.IntentConditionTransformSymbolicExcutation$1.run(IntentConditionTransformSymbolicExcutation.java:4364)
	at java.lang.Thread.run(Thread.java:748)

2018-11-15 11:11:50,188 ERROR [Thread-62] com.popoaichuiniu.intentGen.IntentConditionTransformSymbolicExcutation.internalTransform(192) | /media/mobile/myExperiment/idea_ApkIntentAnalysis/repeat_experiment/星座城.apk&&RunTimeException###singleSootMethodIntentFlowAnalysis出现错误！###java.lang.RuntimeException: singleSootMethodIntentFlowAnalysis出现错误！
	at com.popoaichuiniu.intentGen.OverallIntentFlowAnalysis.process(OverallIntentFlowAnalysis.java:92)
	at com.popoaichuiniu.intentGen.OverallIntentFlowAnalysis.<init>(OverallIntentFlowAnalysis.java:33)
	at com.popoaichuiniu.intentGen.MyCallGraph.<init>(MyCallGraph.java:96)
	at com.popoaichuiniu.intentGen.IntentConditionTransformSymbolicExcutation.findEAToTargetUnit(IntentConditionTransformSymbolicExcutation.java:507)
	at com.popoaichuiniu.intentGen.IntentConditionTransformSymbolicExcutation.analysisSootMethod(IntentConditionTransformSymbolicExcutation.java:448)
	at com.popoaichuiniu.intentGen.IntentConditionTransformSymbolicExcutation.internalTransform(IntentConditionTransformSymbolicExcutation.java:185)
	at soot.SceneTransformer.transform(SceneTransformer.java:39)
	at soot.Transform.apply(Transform.java:90)
	at soot.ScenePack.internalApply(ScenePack.java:40)
	at soot.Pack.apply(Pack.java:118)
	at com.popoaichuiniu.intentGen.IntentConditionTransformSymbolicExcutation.run(IntentConditionTransformSymbolicExcutation.java:4318)
	at com.popoaichuiniu.intentGen.IntentConditionTransformSymbolicExcutation$1.run(IntentConditionTransformSymbolicExcutation.java:4364)
	at java.lang.Thread.run(Thread.java:748)

2018-11-15 11:16:01,810 ERROR [Thread-72] com.popoaichuiniu.intentGen.IntentConditionTransformSymbolicExcutation.internalTransform(192) | /media/mobile/myExperiment/idea_ApkIntentAnalysis/repeat_experiment/手机铃声.apk&&RunTimeException###singleSootMethodIntentFlowAnalysis出现错误！###java.lang.RuntimeException: singleSootMethodIntentFlowAnalysis出现错误！
	at com.popoaichuiniu.intentGen.OverallIntentFlowAnalysis.process(OverallIntentFlowAnalysis.java:92)
	at com.popoaichuiniu.intentGen.OverallIntentFlowAnalysis.<init>(OverallIntentFlowAnalysis.java:33)
	at com.popoaichuiniu.intentGen.MyCallGraph.<init>(MyCallGraph.java:96)
	at com.popoaichuiniu.intentGen.IntentConditionTransformSymbolicExcutation.findEAToTargetUnit(IntentConditionTransformSymbolicExcutation.java:507)
	at com.popoaichuiniu.intentGen.IntentConditionTransformSymbolicExcutation.analysisSootMethod(IntentConditionTransformSymbolicExcutation.java:448)
	at com.popoaichuiniu.intentGen.IntentConditionTransformSymbolicExcutation.internalTransform(IntentConditionTransformSymbolicExcutation.java:185)
	at soot.SceneTransformer.transform(SceneTransformer.java:39)
	at soot.Transform.apply(Transform.java:90)
	at soot.ScenePack.internalApply(ScenePack.java:40)
	at soot.Pack.apply(Pack.java:118)
	at com.popoaichuiniu.intentGen.IntentConditionTransformSymbolicExcutation.run(IntentConditionTransformSymbolicExcutation.java:4318)
	at com.popoaichuiniu.intentGen.IntentConditionTransformSymbolicExcutation$1.run(IntentConditionTransformSymbolicExcutation.java:4364)
	at java.lang.Thread.run(Thread.java:748)

2018-11-15 11:17:12,147 ERROR [Thread-82] com.popoaichuiniu.intentGen.IntentConditionTransformSymbolicExcutation.internalTransform(192) | /media/mobile/myExperiment/idea_ApkIntentAnalysis/repeat_experiment/CLauncher.apk&&RunTimeException###singleSootMethodIntentFlowAnalysis出现错误！###java.lang.RuntimeException: singleSootMethodIntentFlowAnalysis出现错误！
	at com.popoaichuiniu.intentGen.OverallIntentFlowAnalysis.process(OverallIntentFlowAnalysis.java:92)
	at com.popoaichuiniu.intentGen.OverallIntentFlowAnalysis.<init>(OverallIntentFlowAnalysis.java:33)
	at com.popoaichuiniu.intentGen.MyCallGraph.<init>(MyCallGraph.java:96)
	at com.popoaichuiniu.intentGen.IntentConditionTransformSymbolicExcutation.findEAToTargetUnit(IntentConditionTransformSymbolicExcutation.java:507)
	at com.popoaichuiniu.intentGen.IntentConditionTransformSymbolicExcutation.analysisSootMethod(IntentConditionTransformSymbolicExcutation.java:448)
	at com.popoaichuiniu.intentGen.IntentConditionTransformSymbolicExcutation.internalTransform(IntentConditionTransformSymbolicExcutation.java:185)
	at soot.SceneTransformer.transform(SceneTransformer.java:39)
	at soot.Transform.apply(Transform.java:90)
	at soot.ScenePack.internalApply(ScenePack.java:40)
	at soot.Pack.apply(Pack.java:118)
	at com.popoaichuiniu.intentGen.IntentConditionTransformSymbolicExcutation.run(IntentConditionTransformSymbolicExcutation.java:4318)
	at com.popoaichuiniu.intentGen.IntentConditionTransformSymbolicExcutation$1.run(IntentConditionTransformSymbolicExcutation.java:4364)
	at java.lang.Thread.run(Thread.java:748)

