2018-11-24 12:39:59,716 ERROR [Thread-351] com.popoaichuiniu.jacy.statistic.IntentImplicitUse$1.run(84) | /media/mobile/myExperiment/apps/apks_wandoujia/apks/all_app/e道.apk##67108864&&java.lang.ArrayIndexOutOfBoundsException: 67108864
	at org.jf.dexlib2.dexbacked.BaseDexReader.readBigUleb128(BaseDexReader.java:158)
	at org.jf.dexlib2.dexbacked.util.DebugInfo$DebugInfoImpl.iterator(DebugInfo.java:106)
	at soot.dexpler.DexBody.<init>(DexBody.java:204)
	at soot.dexpler.DexMethod.makeSootMethod(DexMethod.java:140)
	at soot.dexpler.DexClassLoader.loadMethod(DexClassLoader.java:36)
	at soot.dexpler.DexClassLoader.makeSootClass(DexClassLoader.java:102)
	at soot.dexpler.DexlibWrapper.makeSootClass(DexlibWrapper.java:177)
	at soot.dexpler.DexResolver.resolveFromFile(DexResolver.java:60)
	at soot.DexClassSource.resolve(DexClassSource.java:52)
	at soot.SootResolver.bringToHierarchy(SootResolver.java:243)
	at soot.SootResolver.bringToSignatures(SootResolver.java:275)
	at soot.SootResolver.bringToBodies(SootResolver.java:313)
	at soot.SootResolver.processResolveWorklist(SootResolver.java:166)
	at soot.SootResolver.resolveClass(SootResolver.java:134)
	at soot.dexpler.DexlibWrapper.initialize(DexlibWrapper.java:159)
	at soot.dexpler.DexResolver.resolveFromFile(DexResolver.java:57)
	at soot.DexClassSource.resolve(DexClassSource.java:52)
	at soot.SootResolver.bringToHierarchy(SootResolver.java:243)
	at soot.SootResolver.bringToSignatures(SootResolver.java:275)
	at soot.SootResolver.bringToBodies(SootResolver.java:313)
	at soot.SootResolver.processResolveWorklist(SootResolver.java:166)
	at soot.SootResolver.resolveClass(SootResolver.java:134)
	at soot.Scene.loadClass(Scene.java:805)
	at soot.Scene.loadClassAndSupport(Scene.java:790)
	at soot.Scene.loadNecessaryClasses(Scene.java:1528)
	at com.popoaichuiniu.util.Config.setSootOptions(Config.java:187)
	at com.popoaichuiniu.jacy.statistic.MySetupApplication.initializeSoot(MySetupApplication.java:228)
	at calculateICCMethods(MySetupApplication.java:73)
	at com.popoaichuiniu.jacy.statistic.MySetupApplication.calculateSourcesSinksEntrypoints(MySetupApplication.java:189)
	at com.popoaichuiniu.jacy.statistic.MySetupApplication.calculateMyEntrypoints(MySetupApplication.java:56)
	at com.popoaichuiniu.jacy.statistic.AndroidCallGraph.caculateAndroidCallGraph(AndroidCallGraph.java:83)
	at com.popoaichuiniu.jacy.statistic.AndroidCallGraphProxy.<init>(AndroidCallGraphProxy.java:18)
	at com.popoaichuiniu.jacy.statistic.IntentImplicitUse.doAnalysisOneApk(IntentImplicitUse.java:111)
	at com.popoaichuiniu.jacy.statistic.IntentImplicitUse.access$000(IntentImplicitUse.java:27)
	at com.popoaichuiniu.jacy.statistic.IntentImplicitUse$1.run(IntentImplicitUse.java:82)
	at java.lang.Thread.run(Thread.java:748)

2018-11-24 13:03:01,562 ERROR [Thread-807] com.popoaichuiniu.jacy.statistic.IntentImplicitUse$1.run(84) | /media/mobile/myExperiment/apps/apks_wandoujia/apks/all_app/为你诵读.apk##null&&java.lang.ArrayIndexOutOfBoundsException

2018-11-24 13:08:28,409 ERROR [Thread-918] com.popoaichuiniu.jacy.statistic.AndroidCallGraphProxy.<init>(25) | /media/mobile/myExperiment/apps/apks_wandoujia/apks/all_app/换发型.apk&&IOException###error in opening zip file###java.util.zip.ZipException: error in opening zip file
	at java.util.zip.ZipFile.open(Native Method)
	at java.util.zip.ZipFile.<init>(ZipFile.java:225)
	at java.util.zip.ZipFile.<init>(ZipFile.java:155)
	at java.util.zip.ZipFile.<init>(ZipFile.java:169)
	at soot.jimple.infoflow.android.axml.ApkHandler.getInputStream(ApkHandler.java:99)
	at soot.jimple.infoflow.android.manifest.ProcessManifest.<init>(ProcessManifest.java:85)
	at soot.jimple.infoflow.android.manifest.ProcessManifest.<init>(ProcessManifest.java:70)
	at com.popoaichuiniu.jacy.statistic.MySetupApplication.calculateSourcesSinksEntrypoints(MySetupApplication.java:147)
	at com.popoaichuiniu.jacy.statistic.MySetupApplication.calculateMyEntrypoints(MySetupApplication.java:56)
	at com.popoaichuiniu.jacy.statistic.AndroidCallGraph.caculateAndroidCallGraph(AndroidCallGraph.java:83)
	at com.popoaichuiniu.jacy.statistic.AndroidCallGraphProxy.<init>(AndroidCallGraphProxy.java:18)
	at com.popoaichuiniu.jacy.statistic.IntentImplicitUse.doAnalysisOneApk(IntentImplicitUse.java:111)
	at com.popoaichuiniu.jacy.statistic.IntentImplicitUse.access$000(IntentImplicitUse.java:27)
	at com.popoaichuiniu.jacy.statistic.IntentImplicitUse$1.run(IntentImplicitUse.java:82)
	at java.lang.Thread.run(Thread.java:748)

2018-11-24 13:08:28,410 ERROR [Thread-918] com.popoaichuiniu.jacy.statistic.IntentImplicitUse$1.run(84) | /media/mobile/myExperiment/apps/apks_wandoujia/apks/all_app/换发型.apk##null&&java.lang.NullPointerException
	at com.popoaichuiniu.jacy.statistic.IntentImplicitUse.doAnalysisOneApk(IntentImplicitUse.java:114)
	at com.popoaichuiniu.jacy.statistic.IntentImplicitUse.access$000(IntentImplicitUse.java:27)
	at com.popoaichuiniu.jacy.statistic.IntentImplicitUse$1.run(IntentImplicitUse.java:82)
	at java.lang.Thread.run(Thread.java:748)

2018-11-24 13:16:22,563 ERROR [Thread-1099] com.popoaichuiniu.jacy.statistic.IntentImplicitUse$1.run(84) | /media/mobile/myExperiment/apps/apks_wandoujia/apks/all_app/Poweramp.apk##String index out of bounds: 16001&&org.jf.dexlib2.dexbacked.DexBackedDexFile$InvalidItemIndex: String index out of bounds: 16001
	at org.jf.dexlib2.dexbacked.DexBackedDexFile.getStringIdItemOffset(DexBackedDexFile.java:172)
	at org.jf.dexlib2.dexbacked.DexBackedDexFile.getString(DexBackedDexFile.java:238)
	at org.jf.dexlib2.dexbacked.reference.DexBackedStringReference.getString(DexBackedStringReference.java:51)
	at soot.dexpler.instructions.ConstStringInstruction.jimplify(ConstStringInstruction.java:54)
	at soot.dexpler.DexBody.jimplify(DexBody.java:456)
	at soot.dexpler.DexMethod$1.getBody(DexMethod.java:150)
	at soot.SootMethod.getBodyFromMethodSource(SootMethod.java:91)
	at soot.SootMethod.retrieveActiveBody(SootMethod.java:326)
	at soot.jimple.toolkits.callgraph.OnFlyCallGraphBuilder.processNewMethod(OnFlyCallGraphBuilder.java:531)
	at soot.jimple.toolkits.callgraph.OnFlyCallGraphBuilder.processReachables(OnFlyCallGraphBuilder.java:420)
	at soot.jimple.toolkits.callgraph.CallGraphBuilder.build(CallGraphBuilder.java:96)
	at soot.jimple.toolkits.callgraph.CHATransformer.internalTransform(CHATransformer.java:46)
	at soot.SceneTransformer.transform(SceneTransformer.java:39)
	at soot.Transform.apply(Transform.java:90)
	at soot.RadioScenePack.internalApply(RadioScenePack.java:57)
	at soot.jimple.toolkits.callgraph.CallGraphPack.internalApply(CallGraphPack.java:49)
	at soot.Pack.apply(Pack.java:118)
	at calculateICCMethods(MySetupApplication.java:92)
	at com.popoaichuiniu.jacy.statistic.MySetupApplication.calculateSourcesSinksEntrypoints(MySetupApplication.java:189)
	at com.popoaichuiniu.jacy.statistic.MySetupApplication.calculateMyEntrypoints(MySetupApplication.java:56)
	at com.popoaichuiniu.jacy.statistic.AndroidCallGraph.caculateAndroidCallGraph(AndroidCallGraph.java:83)
	at com.popoaichuiniu.jacy.statistic.AndroidCallGraphProxy.<init>(AndroidCallGraphProxy.java:18)
	at com.popoaichuiniu.jacy.statistic.IntentImplicitUse.doAnalysisOneApk(IntentImplicitUse.java:111)
	at com.popoaichuiniu.jacy.statistic.IntentImplicitUse.access$000(IntentImplicitUse.java:27)
	at com.popoaichuiniu.jacy.statistic.IntentImplicitUse$1.run(IntentImplicitUse.java:82)
	at java.lang.Thread.run(Thread.java:748)


2018-11-24 13:28:59,041 ERROR [Thread-1330] com.popoaichuiniu.jacy.statistic.AndroidCallGraphProxy.<init>(25) | /media/mobile/myExperiment/apps/apks_wandoujia/apks/all_app/None.apk&&IOException###zip file is empty###java.util.zip.ZipException: zip file is empty
	at java.util.zip.ZipFile.open(Native Method)
	at java.util.zip.ZipFile.<init>(ZipFile.java:225)
	at java.util.zip.ZipFile.<init>(ZipFile.java:155)
	at java.util.zip.ZipFile.<init>(ZipFile.java:169)
	at soot.jimple.infoflow.android.axml.ApkHandler.getInputStream(ApkHandler.java:99)
	at soot.jimple.infoflow.android.manifest.ProcessManifest.<init>(ProcessManifest.java:85)
	at soot.jimple.infoflow.android.manifest.ProcessManifest.<init>(ProcessManifest.java:70)
	at com.popoaichuiniu.jacy.statistic.MySetupApplication.calculateSourcesSinksEntrypoints(MySetupApplication.java:147)
	at com.popoaichuiniu.jacy.statistic.MySetupApplication.calculateMyEntrypoints(MySetupApplication.java:56)
	at com.popoaichuiniu.jacy.statistic.AndroidCallGraph.caculateAndroidCallGraph(AndroidCallGraph.java:83)
	at com.popoaichuiniu.jacy.statistic.AndroidCallGraphProxy.<init>(AndroidCallGraphProxy.java:18)
	at com.popoaichuiniu.jacy.statistic.IntentImplicitUse.doAnalysisOneApk(IntentImplicitUse.java:111)
	at com.popoaichuiniu.jacy.statistic.IntentImplicitUse.access$000(IntentImplicitUse.java:27)
	at com.popoaichuiniu.jacy.statistic.IntentImplicitUse$1.run(IntentImplicitUse.java:82)
	at java.lang.Thread.run(Thread.java:748)

2018-11-24 13:28:59,041 ERROR [Thread-1330] com.popoaichuiniu.jacy.statistic.IntentImplicitUse$1.run(84) | /media/mobile/myExperiment/apps/apks_wandoujia/apks/all_app/None.apk##null&&java.lang.NullPointerException

2018-11-24 13:33:23,634 ERROR [Thread-1421] com.popoaichuiniu.jacy.statistic.IntentImplicitUse$1.run(84) | /media/mobile/myExperiment/apps/apks_wandoujia/apks/all_app/蜜播直播.apk##null&&java.lang.ArrayIndexOutOfBoundsException

2018-11-24 13:33:43,404 ERROR [Thread-1432] com.popoaichuiniu.jacy.statistic.AndroidCallGraphProxy.<init>(25) | /media/mobile/myExperiment/apps/apks_wandoujia/apks/all_app/宝宝不怕.apk&&IOException###error in opening zip file###java.util.zip.ZipException: error in opening zip file
	at java.util.zip.ZipFile.open(Native Method)
	at java.util.zip.ZipFile.<init>(ZipFile.java:225)
	at java.util.zip.ZipFile.<init>(ZipFile.java:155)
	at java.util.zip.ZipFile.<init>(ZipFile.java:169)
	at soot.jimple.infoflow.android.axml.ApkHandler.getInputStream(ApkHandler.java:99)
	at soot.jimple.infoflow.android.manifest.ProcessManifest.<init>(ProcessManifest.java:85)
	at soot.jimple.infoflow.android.manifest.ProcessManifest.<init>(ProcessManifest.java:70)
	at com.popoaichuiniu.jacy.statistic.MySetupApplication.calculateSourcesSinksEntrypoints(MySetupApplication.java:147)
	at com.popoaichuiniu.jacy.statistic.MySetupApplication.calculateMyEntrypoints(MySetupApplication.java:56)
	at com.popoaichuiniu.jacy.statistic.AndroidCallGraph.caculateAndroidCallGraph(AndroidCallGraph.java:83)
	at com.popoaichuiniu.jacy.statistic.AndroidCallGraphProxy.<init>(AndroidCallGraphProxy.java:18)
	at com.popoaichuiniu.jacy.statistic.IntentImplicitUse.doAnalysisOneApk(IntentImplicitUse.java:111)
	at com.popoaichuiniu.jacy.statistic.IntentImplicitUse.access$000(IntentImplicitUse.java:27)
	at com.popoaichuiniu.jacy.statistic.IntentImplicitUse$1.run(IntentImplicitUse.java:82)
	at java.lang.Thread.run(Thread.java:748)

2018-11-24 13:33:43,404 ERROR [Thread-1432] com.popoaichuiniu.jacy.statistic.IntentImplicitUse$1.run(84) | /media/mobile/myExperiment/apps/apks_wandoujia/apks/all_app/宝宝不怕.apk##null&&java.lang.NullPointerException

2018-11-24 13:41:18,559 ERROR [Thread-1613] com.popoaichuiniu.jacy.statistic.AndroidCallGraphProxy.<init>(25) | /media/mobile/myExperiment/apps/apks_wandoujia/apks/all_app/轻芒阅读.apk&&IOException###zip file is empty###java.util.zip.ZipException: zip file is empty
	at java.util.zip.ZipFile.open(Native Method)
	at java.util.zip.ZipFile.<init>(ZipFile.java:225)
	at java.util.zip.ZipFile.<init>(ZipFile.java:155)
	at java.util.zip.ZipFile.<init>(ZipFile.java:169)
	at soot.jimple.infoflow.android.axml.ApkHandler.getInputStream(ApkHandler.java:99)
	at soot.jimple.infoflow.android.manifest.ProcessManifest.<init>(ProcessManifest.java:85)
	at soot.jimple.infoflow.android.manifest.ProcessManifest.<init>(ProcessManifest.java:70)
	at com.popoaichuiniu.jacy.statistic.MySetupApplication.calculateSourcesSinksEntrypoints(MySetupApplication.java:147)
	at com.popoaichuiniu.jacy.statistic.MySetupApplication.calculateMyEntrypoints(MySetupApplication.java:56)
	at com.popoaichuiniu.jacy.statistic.AndroidCallGraph.caculateAndroidCallGraph(AndroidCallGraph.java:83)
	at com.popoaichuiniu.jacy.statistic.AndroidCallGraphProxy.<init>(AndroidCallGraphProxy.java:18)
	at com.popoaichuiniu.jacy.statistic.IntentImplicitUse.doAnalysisOneApk(IntentImplicitUse.java:111)
	at com.popoaichuiniu.jacy.statistic.IntentImplicitUse.access$000(IntentImplicitUse.java:27)
	at com.popoaichuiniu.jacy.statistic.IntentImplicitUse$1.run(IntentImplicitUse.java:82)
	at java.lang.Thread.run(Thread.java:748)

2018-11-24 13:41:18,559 ERROR [Thread-1613] com.popoaichuiniu.jacy.statistic.IntentImplicitUse$1.run(84) | /media/mobile/myExperiment/apps/apks_wandoujia/apks/all_app/轻芒阅读.apk##null&&java.lang.NullPointerException

2018-11-24 13:42:57,292 ERROR [Thread-1664] com.popoaichuiniu.jacy.statistic.IntentImplicitUse$1.run(84) | /media/mobile/myExperiment/apps/apks_wandoujia/apks/all_app/Musixmatch.apk##soot.jimple.NullConstant cannot be cast to soot.Local&&java.lang.ClassCastException: soot.jimple.NullConstant cannot be cast to soot.Local
	at soot.jimple.toolkits.callgraph.OnFlyCallGraphBuilder$DefaultReflectionModel.classForName(OnFlyCallGraphBuilder.java:101)
	at soot.jimple.toolkits.callgraph.OnFlyCallGraphBuilder.getImplicitTargets(OnFlyCallGraphBuilder.java:620)
	at soot.jimple.toolkits.callgraph.OnFlyCallGraphBuilder.processNewMethod(OnFlyCallGraphBuilder.java:532)
	at soot.jimple.toolkits.callgraph.OnFlyCallGraphBuilder.processReachables(OnFlyCallGraphBuilder.java:420)
	at soot.jimple.toolkits.callgraph.CallGraphBuilder.build(CallGraphBuilder.java:96)
	at soot.jimple.toolkits.callgraph.CHATransformer.internalTransform(CHATransformer.java:46)
	at soot.SceneTransformer.transform(SceneTransformer.java:39)
	at soot.Transform.apply(Transform.java:90)
	at soot.RadioScenePack.internalApply(RadioScenePack.java:57)
	at soot.jimple.toolkits.callgraph.CallGraphPack.internalApply(CallGraphPack.java:49)
	at soot.Pack.apply(Pack.java:118)
	at calculateICCMethods(MySetupApplication.java:92)
	at com.popoaichuiniu.jacy.statistic.MySetupApplication.calculateSourcesSinksEntrypoints(MySetupApplication.java:189)
	at com.popoaichuiniu.jacy.statistic.MySetupApplication.calculateMyEntrypoints(MySetupApplication.java:56)
	at com.popoaichuiniu.jacy.statistic.AndroidCallGraph.caculateAndroidCallGraph(AndroidCallGraph.java:83)
	at com.popoaichuiniu.jacy.statistic.AndroidCallGraphProxy.<init>(AndroidCallGraphProxy.java:18)
	at com.popoaichuiniu.jacy.statistic.IntentImplicitUse.doAnalysisOneApk(IntentImplicitUse.java:111)
	at com.popoaichuiniu.jacy.statistic.IntentImplicitUse.access$000(IntentImplicitUse.java:27)
	at com.popoaichuiniu.jacy.statistic.IntentImplicitUse$1.run(IntentImplicitUse.java:82)
	at java.lang.Thread.run(Thread.java:748)

2018-11-24 13:47:16,835 ERROR [Thread-1755] com.popoaichuiniu.jacy.statistic.AndroidCallGraphProxy.<init>(25) | /media/mobile/myExperiment/apps/apks_wandoujia/apks/all_app/Hey Band.apk&&IOException###error in opening zip file###java.util.zip.ZipException: error in opening zip file
	at java.util.zip.ZipFile.open(Native Method)
	at java.util.zip.ZipFile.<init>(ZipFile.java:225)
	at java.util.zip.ZipFile.<init>(ZipFile.java:155)
	at java.util.zip.ZipFile.<init>(ZipFile.java:169)
	at soot.jimple.infoflow.android.axml.ApkHandler.getInputStream(ApkHandler.java:99)
	at soot.jimple.infoflow.android.manifest.ProcessManifest.<init>(ProcessManifest.java:85)
	at soot.jimple.infoflow.android.manifest.ProcessManifest.<init>(ProcessManifest.java:70)
	at com.popoaichuiniu.jacy.statistic.MySetupApplication.calculateSourcesSinksEntrypoints(MySetupApplication.java:147)
	at com.popoaichuiniu.jacy.statistic.MySetupApplication.calculateMyEntrypoints(MySetupApplication.java:56)
	at com.popoaichuiniu.jacy.statistic.AndroidCallGraph.caculateAndroidCallGraph(AndroidCallGraph.java:83)
	at com.popoaichuiniu.jacy.statistic.AndroidCallGraphProxy.<init>(AndroidCallGraphProxy.java:18)
	at com.popoaichuiniu.jacy.statistic.IntentImplicitUse.doAnalysisOneApk(IntentImplicitUse.java:111)
	at com.popoaichuiniu.jacy.statistic.IntentImplicitUse.access$000(IntentImplicitUse.java:27)
	at com.popoaichuiniu.jacy.statistic.IntentImplicitUse$1.run(IntentImplicitUse.java:82)
	at java.lang.Thread.run(Thread.java:748)

2018-11-24 13:47:16,835 ERROR [Thread-1755] com.popoaichuiniu.jacy.statistic.IntentImplicitUse$1.run(84) | /media/mobile/myExperiment/apps/apks_wandoujia/apks/all_app/Hey Band.apk##null&&java.lang.NullPointerException

2018-11-24 13:55:34,349 ERROR [Thread-1906] com.popoaichuiniu.jacy.statistic.IntentImplicitUse$1.run(84) | /media/mobile/myExperiment/apps/apks_wandoujia/apks/all_app/1元夺宝.apk##5&&java.lang.ArrayIndexOutOfBoundsException: 5
	at soot.dexpler.instructions.DexlibAbstractInstruction.getUsedRegistersNums(DexlibAbstractInstruction.java:398)
	at soot.dexpler.instructions.MethodInvocationInstruction.getUsedRegistersNums(MethodInvocationInstruction.java:321)
	at soot.dexpler.instructions.MethodInvocationInstruction.buildParameters(MethodInvocationInstruction.java:280)
	at soot.dexpler.instructions.MethodInvocationInstruction.jimplifySpecial(MethodInvocationInstruction.java:373)
	at soot.dexpler.instructions.InvokeSpecialInstruction.jimplify(InvokeSpecialInstruction.java:38)
	at soot.dexpler.DexBody.jimplify(DexBody.java:456)
	at soot.dexpler.DexMethod$1.getBody(DexMethod.java:150)
	at soot.SootMethod.getBodyFromMethodSource(SootMethod.java:91)
	at soot.SootMethod.retrieveActiveBody(SootMethod.java:326)
	at soot.jimple.toolkits.callgraph.OnFlyCallGraphBuilder.processNewMethod(OnFlyCallGraphBuilder.java:531)
	at soot.jimple.toolkits.callgraph.OnFlyCallGraphBuilder.processReachables(OnFlyCallGraphBuilder.java:420)
	at soot.jimple.toolkits.callgraph.CallGraphBuilder.build(CallGraphBuilder.java:96)
	at soot.jimple.toolkits.callgraph.CHATransformer.internalTransform(CHATransformer.java:46)
	at soot.SceneTransformer.transform(SceneTransformer.java:39)
	at soot.Transform.apply(Transform.java:90)
	at soot.RadioScenePack.internalApply(RadioScenePack.java:57)
	at soot.jimple.toolkits.callgraph.CallGraphPack.internalApply(CallGraphPack.java:49)
	at soot.Pack.apply(Pack.java:118)
	at calculateICCMethods(MySetupApplication.java:92)
	at com.popoaichuiniu.jacy.statistic.MySetupApplication.calculateSourcesSinksEntrypoints(MySetupApplication.java:189)
	at com.popoaichuiniu.jacy.statistic.MySetupApplication.calculateMyEntrypoints(MySetupApplication.java:56)
	at com.popoaichuiniu.jacy.statistic.AndroidCallGraph.caculateAndroidCallGraph(AndroidCallGraph.java:83)
	at com.popoaichuiniu.jacy.statistic.AndroidCallGraphProxy.<init>(AndroidCallGraphProxy.java:18)
	at com.popoaichuiniu.jacy.statistic.IntentImplicitUse.doAnalysisOneApk(IntentImplicitUse.java:111)
	at com.popoaichuiniu.jacy.statistic.IntentImplicitUse.access$000(IntentImplicitUse.java:27)
	at com.popoaichuiniu.jacy.statistic.IntentImplicitUse$1.run(IntentImplicitUse.java:82)
	at java.lang.Thread.run(Thread.java:748)

2018-11-24 14:04:33,124 ERROR [Thread-2067] com.popoaichuiniu.jacy.statistic.AndroidCallGraphProxy.<init>(25) | /media/mobile/myExperiment/apps/apks_wandoujia/apks/all_app/1号柜.apk&&IOException###error in opening zip file###java.util.zip.ZipException: error in opening zip file
	at java.util.zip.ZipFile.open(Native Method)
	at java.util.zip.ZipFile.<init>(ZipFile.java:225)
	at java.util.zip.ZipFile.<init>(ZipFile.java:155)
	at java.util.zip.ZipFile.<init>(ZipFile.java:169)
	at soot.jimple.infoflow.android.axml.ApkHandler.getInputStream(ApkHandler.java:99)
	at soot.jimple.infoflow.android.manifest.ProcessManifest.<init>(ProcessManifest.java:85)
	at soot.jimple.infoflow.android.manifest.ProcessManifest.<init>(ProcessManifest.java:70)
	at com.popoaichuiniu.jacy.statistic.MySetupApplication.calculateSourcesSinksEntrypoints(MySetupApplication.java:147)
	at com.popoaichuiniu.jacy.statistic.MySetupApplication.calculateMyEntrypoints(MySetupApplication.java:56)
	at com.popoaichuiniu.jacy.statistic.AndroidCallGraph.caculateAndroidCallGraph(AndroidCallGraph.java:83)
	at com.popoaichuiniu.jacy.statistic.AndroidCallGraphProxy.<init>(AndroidCallGraphProxy.java:18)
	at com.popoaichuiniu.jacy.statistic.IntentImplicitUse.doAnalysisOneApk(IntentImplicitUse.java:111)
	at com.popoaichuiniu.jacy.statistic.IntentImplicitUse.access$000(IntentImplicitUse.java:27)
	at com.popoaichuiniu.jacy.statistic.IntentImplicitUse$1.run(IntentImplicitUse.java:82)
	at java.lang.Thread.run(Thread.java:748)

2018-11-24 14:04:33,124 ERROR [Thread-2067] com.popoaichuiniu.jacy.statistic.IntentImplicitUse$1.run(84) | /media/mobile/myExperiment/apps/apks_wandoujia/apks/all_app/1号柜.apk##null&&java.lang.NullPointerException

2018-11-24 14:11:54,793 ERROR [Thread-2228] com.popoaichuiniu.jacy.statistic.AndroidCallGraphProxy.<init>(25) | /media/mobile/myExperiment/apps/apks_wandoujia/apks/all_app/央视影音.apk&&IOException###error in opening zip file###java.util.zip.ZipException: error in opening zip file
	at java.util.zip.ZipFile.open(Native Method)
	at java.util.zip.ZipFile.<init>(ZipFile.java:225)
	at java.util.zip.ZipFile.<init>(ZipFile.java:155)
	at java.util.zip.ZipFile.<init>(ZipFile.java:169)
	at soot.jimple.infoflow.android.axml.ApkHandler.getInputStream(ApkHandler.java:99)
	at soot.jimple.infoflow.android.manifest.ProcessManifest.<init>(ProcessManifest.java:85)
	at soot.jimple.infoflow.android.manifest.ProcessManifest.<init>(ProcessManifest.java:70)
	at com.popoaichuiniu.jacy.statistic.MySetupApplication.calculateSourcesSinksEntrypoints(MySetupApplication.java:147)
	at com.popoaichuiniu.jacy.statistic.MySetupApplication.calculateMyEntrypoints(MySetupApplication.java:56)
	at com.popoaichuiniu.jacy.statistic.AndroidCallGraph.caculateAndroidCallGraph(AndroidCallGraph.java:83)
	at com.popoaichuiniu.jacy.statistic.AndroidCallGraphProxy.<init>(AndroidCallGraphProxy.java:18)
	at com.popoaichuiniu.jacy.statistic.IntentImplicitUse.doAnalysisOneApk(IntentImplicitUse.java:111)
	at com.popoaichuiniu.jacy.statistic.IntentImplicitUse.access$000(IntentImplicitUse.java:27)
	at com.popoaichuiniu.jacy.statistic.IntentImplicitUse$1.run(IntentImplicitUse.java:82)
	at java.lang.Thread.run(Thread.java:748)

2018-11-24 14:11:54,794 ERROR [Thread-2228] com.popoaichuiniu.jacy.statistic.IntentImplicitUse$1.run(84) | /media/mobile/myExperiment/apps/apks_wandoujia/apks/all_app/央视影音.apk##null&&java.lang.NullPointerException

2018-11-24 14:25:39,018 ERROR [Thread-2499] com.popoaichuiniu.jacy.statistic.AndroidCallGraphProxy.<init>(25) | /media/mobile/myExperiment/apps/apks_wandoujia/apks/all_app/Runtastic PRO运动软件专业版.apk&&IOException###error in opening zip file###java.util.zip.ZipException: error in opening zip file
	at java.util.zip.ZipFile.open(Native Method)
	at java.util.zip.ZipFile.<init>(ZipFile.java:225)
	at java.util.zip.ZipFile.<init>(ZipFile.java:155)
	at java.util.zip.ZipFile.<init>(ZipFile.java:169)
	at soot.jimple.infoflow.android.axml.ApkHandler.getInputStream(ApkHandler.java:99)
	at soot.jimple.infoflow.android.manifest.ProcessManifest.<init>(ProcessManifest.java:85)
	at soot.jimple.infoflow.android.manifest.ProcessManifest.<init>(ProcessManifest.java:70)
	at com.popoaichuiniu.jacy.statistic.MySetupApplication.calculateSourcesSinksEntrypoints(MySetupApplication.java:147)
	at com.popoaichuiniu.jacy.statistic.MySetupApplication.calculateMyEntrypoints(MySetupApplication.java:56)
	at com.popoaichuiniu.jacy.statistic.AndroidCallGraph.caculateAndroidCallGraph(AndroidCallGraph.java:83)
	at com.popoaichuiniu.jacy.statistic.AndroidCallGraphProxy.<init>(AndroidCallGraphProxy.java:18)
	at com.popoaichuiniu.jacy.statistic.IntentImplicitUse.doAnalysisOneApk(IntentImplicitUse.java:111)
	at com.popoaichuiniu.jacy.statistic.IntentImplicitUse.access$000(IntentImplicitUse.java:27)
	at com.popoaichuiniu.jacy.statistic.IntentImplicitUse$1.run(IntentImplicitUse.java:82)
	at java.lang.Thread.run(Thread.java:748)

2018-11-24 14:25:39,018 ERROR [Thread-2499] com.popoaichuiniu.jacy.statistic.IntentImplicitUse$1.run(84) | /media/mobile/myExperiment/apps/apks_wandoujia/apks/all_app/Runtastic PRO运动软件专业版.apk##null&&java.lang.NullPointerException

2018-11-24 14:26:03,527 ERROR [Thread-2510] com.popoaichuiniu.jacy.statistic.IntentImplicitUse$1.run(84) | /media/mobile/myExperiment/apps/apks_wandoujia/apks/all_app/blueHealth.apk##Resolved <net.sf.json.groovy.GJson: boolean enhanceCollection()> to <net.sf.json.groovy.GJson: boolean enhanceCollection()> which has wrong static-ness&&soot.ResolutionFailedException: Resolved <net.sf.json.groovy.GJson: boolean enhanceCollection()> to <net.sf.json.groovy.GJson: boolean enhanceCollection()> which has wrong static-ness
	at soot.SootMethodRefImpl.checkStatic(SootMethodRefImpl.java:114)
	at soot.SootMethodRefImpl.resolve(SootMethodRefImpl.java:129)
	at soot.SootMethodRefImpl.resolve(SootMethodRefImpl.java:109)
	at soot.jimple.internal.AbstractInvokeExpr.getMethod(AbstractInvokeExpr.java:67)
	at soot.jimple.toolkits.callgraph.VirtualCalls.resolveSpecial(VirtualCalls.java:70)
	at soot.jimple.toolkits.callgraph.OnFlyCallGraphBuilder.addType(OnFlyCallGraphBuilder.java:441)
	at soot.jimple.toolkits.callgraph.CallGraphBuilder.build(CallGraphBuilder.java:112)
	at soot.jimple.toolkits.callgraph.CHATransformer.internalTransform(CHATransformer.java:46)
	at soot.SceneTransformer.transform(SceneTransformer.java:39)
	at soot.Transform.apply(Transform.java:90)
	at soot.RadioScenePack.internalApply(RadioScenePack.java:57)
	at soot.jimple.toolkits.callgraph.CallGraphPack.internalApply(CallGraphPack.java:49)
	at soot.Pack.apply(Pack.java:118)
	at calculateICCMethods(MySetupApplication.java:92)
	at com.popoaichuiniu.jacy.statistic.MySetupApplication.calculateSourcesSinksEntrypoints(MySetupApplication.java:189)
	at com.popoaichuiniu.jacy.statistic.MySetupApplication.calculateMyEntrypoints(MySetupApplication.java:56)
	at com.popoaichuiniu.jacy.statistic.AndroidCallGraph.caculateAndroidCallGraph(AndroidCallGraph.java:83)
	at com.popoaichuiniu.jacy.statistic.AndroidCallGraphProxy.<init>(AndroidCallGraphProxy.java:18)
	at com.popoaichuiniu.jacy.statistic.IntentImplicitUse.doAnalysisOneApk(IntentImplicitUse.java:111)
	at com.popoaichuiniu.jacy.statistic.IntentImplicitUse.access$000(IntentImplicitUse.java:27)
	at com.popoaichuiniu.jacy.statistic.IntentImplicitUse$1.run(IntentImplicitUse.java:82)
	at java.lang.Thread.run(Thread.java:748)

2018-11-24 14:33:48,643 ERROR [Thread-2681] com.popoaichuiniu.jacy.statistic.AndroidCallGraphProxy.<init>(25) | /media/mobile/myExperiment/apps/apks_wandoujia/apks/all_app/神庙逃亡破解版来电秀.apk&&IOException###error in opening zip file###java.util.zip.ZipException: error in opening zip file
	at java.util.zip.ZipFile.open(Native Method)
	at java.util.zip.ZipFile.<init>(ZipFile.java:225)
	at java.util.zip.ZipFile.<init>(ZipFile.java:155)
	at java.util.zip.ZipFile.<init>(ZipFile.java:169)
	at soot.jimple.infoflow.android.axml.ApkHandler.getInputStream(ApkHandler.java:99)
	at soot.jimple.infoflow.android.manifest.ProcessManifest.<init>(ProcessManifest.java:85)
	at soot.jimple.infoflow.android.manifest.ProcessManifest.<init>(ProcessManifest.java:70)
	at com.popoaichuiniu.jacy.statistic.MySetupApplication.calculateSourcesSinksEntrypoints(MySetupApplication.java:147)
	at com.popoaichuiniu.jacy.statistic.MySetupApplication.calculateMyEntrypoints(MySetupApplication.java:56)
	at com.popoaichuiniu.jacy.statistic.AndroidCallGraph.caculateAndroidCallGraph(AndroidCallGraph.java:83)
	at com.popoaichuiniu.jacy.statistic.AndroidCallGraphProxy.<init>(AndroidCallGraphProxy.java:18)
	at com.popoaichuiniu.jacy.statistic.IntentImplicitUse.doAnalysisOneApk(IntentImplicitUse.java:111)
	at com.popoaichuiniu.jacy.statistic.IntentImplicitUse.access$000(IntentImplicitUse.java:27)
	at com.popoaichuiniu.jacy.statistic.IntentImplicitUse$1.run(IntentImplicitUse.java:82)
	at java.lang.Thread.run(Thread.java:748)

2018-11-24 14:33:48,643 ERROR [Thread-2681] com.popoaichuiniu.jacy.statistic.IntentImplicitUse$1.run(84) | /media/mobile/myExperiment/apps/apks_wandoujia/apks/all_app/神庙逃亡破解版来电秀.apk##null&&java.lang.NullPointerException

2018-11-24 14:42:05,401 ERROR [Thread-2862] com.popoaichuiniu.jacy.statistic.AndroidCallGraphProxy.<init>(25) | /media/mobile/myExperiment/apps/apks_wandoujia/apks/all_app/3D播播.apk&&IOException###error in opening zip file###java.util.zip.ZipException: error in opening zip file
	at java.util.zip.ZipFile.open(Native Method)
	at java.util.zip.ZipFile.<init>(ZipFile.java:225)
	at java.util.zip.ZipFile.<init>(ZipFile.java:155)
	at java.util.zip.ZipFile.<init>(ZipFile.java:169)
	at soot.jimple.infoflow.android.axml.ApkHandler.getInputStream(ApkHandler.java:99)
	at soot.jimple.infoflow.android.manifest.ProcessManifest.<init>(ProcessManifest.java:85)
	at soot.jimple.infoflow.android.manifest.ProcessManifest.<init>(ProcessManifest.java:70)
	at com.popoaichuiniu.jacy.statistic.MySetupApplication.calculateSourcesSinksEntrypoints(MySetupApplication.java:147)
	at com.popoaichuiniu.jacy.statistic.MySetupApplication.calculateMyEntrypoints(MySetupApplication.java:56)
	at com.popoaichuiniu.jacy.statistic.AndroidCallGraph.caculateAndroidCallGraph(AndroidCallGraph.java:83)
	at com.popoaichuiniu.jacy.statistic.AndroidCallGraphProxy.<init>(AndroidCallGraphProxy.java:18)
	at com.popoaichuiniu.jacy.statistic.IntentImplicitUse.doAnalysisOneApk(IntentImplicitUse.java:111)
	at com.popoaichuiniu.jacy.statistic.IntentImplicitUse.access$000(IntentImplicitUse.java:27)
	at com.popoaichuiniu.jacy.statistic.IntentImplicitUse$1.run(IntentImplicitUse.java:82)
	at java.lang.Thread.run(Thread.java:748)

2018-11-24 14:42:05,401 ERROR [Thread-2862] com.popoaichuiniu.jacy.statistic.IntentImplicitUse$1.run(84) | /media/mobile/myExperiment/apps/apks_wandoujia/apks/all_app/3D播播.apk##null&&java.lang.NullPointerException

2018-11-24 14:54:39,291 ERROR [Thread-3172] com.popoaichuiniu.jacy.statistic.AndroidCallGraphProxy.<init>(25) | /media/mobile/myExperiment/apps/apks_wandoujia/apks/all_app/王者荣耀体验服-来电秀.apk&&IOException###error in opening zip file###java.util.zip.ZipException: error in opening zip file
	at java.util.zip.ZipFile.open(Native Method)
	at java.util.zip.ZipFile.<init>(ZipFile.java:225)
	at java.util.zip.ZipFile.<init>(ZipFile.java:155)
	at java.util.zip.ZipFile.<init>(ZipFile.java:169)
	at soot.jimple.infoflow.android.axml.ApkHandler.getInputStream(ApkHandler.java:99)
	at soot.jimple.infoflow.android.manifest.ProcessManifest.<init>(ProcessManifest.java:85)
	at soot.jimple.infoflow.android.manifest.ProcessManifest.<init>(ProcessManifest.java:70)
	at com.popoaichuiniu.jacy.statistic.MySetupApplication.calculateSourcesSinksEntrypoints(MySetupApplication.java:147)
	at com.popoaichuiniu.jacy.statistic.MySetupApplication.calculateMyEntrypoints(MySetupApplication.java:56)
	at com.popoaichuiniu.jacy.statistic.AndroidCallGraph.caculateAndroidCallGraph(AndroidCallGraph.java:83)
	at com.popoaichuiniu.jacy.statistic.AndroidCallGraphProxy.<init>(AndroidCallGraphProxy.java:18)
	at com.popoaichuiniu.jacy.statistic.IntentImplicitUse.doAnalysisOneApk(IntentImplicitUse.java:111)
	at com.popoaichuiniu.jacy.statistic.IntentImplicitUse.access$000(IntentImplicitUse.java:27)
	at com.popoaichuiniu.jacy.statistic.IntentImplicitUse$1.run(IntentImplicitUse.java:82)
	at java.lang.Thread.run(Thread.java:748)

2018-11-24 14:54:39,292 ERROR [Thread-3172] com.popoaichuiniu.jacy.statistic.IntentImplicitUse$1.run(84) | /media/mobile/myExperiment/apps/apks_wandoujia/apks/all_app/王者荣耀体验服-来电秀.apk##null&&java.lang.NullPointerException

2018-11-24 15:12:35,049 ERROR [Thread-3513] com.popoaichuiniu.jacy.statistic.IntentImplicitUse$1.run(84) | /media/mobile/myExperiment/apps/apks_wandoujia/apks/all_app/四川移动掌上营业厅.apk##null&&java.lang.ArrayIndexOutOfBoundsException

2018-11-24 15:21:56,738 ERROR [Thread-3674] com.popoaichuiniu.jacy.statistic.AndroidCallGraphProxy.<init>(25) | /media/mobile/myExperiment/apps/apks_wandoujia/apks/all_app/CAJViewer    知网期刊论文阅读器.apk&&IOException###error in opening zip file###java.util.zip.ZipException: error in opening zip file
	at java.util.zip.ZipFile.open(Native Method)
	at java.util.zip.ZipFile.<init>(ZipFile.java:225)
	at java.util.zip.ZipFile.<init>(ZipFile.java:155)
	at java.util.zip.ZipFile.<init>(ZipFile.java:169)
	at soot.jimple.infoflow.android.axml.ApkHandler.getInputStream(ApkHandler.java:99)
	at soot.jimple.infoflow.android.manifest.ProcessManifest.<init>(ProcessManifest.java:85)
	at soot.jimple.infoflow.android.manifest.ProcessManifest.<init>(ProcessManifest.java:70)
	at com.popoaichuiniu.jacy.statistic.MySetupApplication.calculateSourcesSinksEntrypoints(MySetupApplication.java:147)
	at com.popoaichuiniu.jacy.statistic.MySetupApplication.calculateMyEntrypoints(MySetupApplication.java:56)
	at com.popoaichuiniu.jacy.statistic.AndroidCallGraph.caculateAndroidCallGraph(AndroidCallGraph.java:83)
	at com.popoaichuiniu.jacy.statistic.AndroidCallGraphProxy.<init>(AndroidCallGraphProxy.java:18)
	at com.popoaichuiniu.jacy.statistic.IntentImplicitUse.doAnalysisOneApk(IntentImplicitUse.java:111)
	at com.popoaichuiniu.jacy.statistic.IntentImplicitUse.access$000(IntentImplicitUse.java:27)
	at com.popoaichuiniu.jacy.statistic.IntentImplicitUse$1.run(IntentImplicitUse.java:82)
	at java.lang.Thread.run(Thread.java:748)

2018-11-24 15:21:56,739 ERROR [Thread-3674] com.popoaichuiniu.jacy.statistic.IntentImplicitUse$1.run(84) | /media/mobile/myExperiment/apps/apks_wandoujia/apks/all_app/CAJViewer    知网期刊论文阅读器.apk##null&&java.lang.NullPointerException

2018-11-24 15:31:37,118 ERROR [Thread-3905] com.popoaichuiniu.jacy.statistic.IntentImplicitUse$1.run(84) | /media/mobile/myExperiment/apps/apks_wandoujia/apks/all_app/高德地图intel.apk##org.jf.dexlib2.dexbacked.instruction.DexBackedInstruction35mi cannot be cast to org.jf.dexlib2.iface.instruction.ReferenceInstruction&&java.lang.ClassCastException: org.jf.dexlib2.dexbacked.instruction.DexBackedInstruction35mi cannot be cast to org.jf.dexlib2.iface.instruction.ReferenceInstruction
	at soot.dexpler.instructions.MethodInvocationInstruction.introducedTypes(MethodInvocationInstruction.java:119)
	at soot.dexpler.DexBody.usedTypes(DexBody.java:228)
	at soot.dexpler.DexMethod.makeSootMethod(DexMethod.java:142)
	at soot.dexpler.DexClassLoader.loadMethod(DexClassLoader.java:36)
	at soot.dexpler.DexClassLoader.makeSootClass(DexClassLoader.java:105)
	at soot.dexpler.DexlibWrapper.makeSootClass(DexlibWrapper.java:177)
	at soot.dexpler.DexResolver.resolveFromFile(DexResolver.java:60)
	at soot.DexClassSource.resolve(DexClassSource.java:52)
	at soot.SootResolver.bringToHierarchy(SootResolver.java:243)
	at soot.SootResolver.bringToSignatures(SootResolver.java:275)
	at soot.SootResolver.bringToBodies(SootResolver.java:313)
	at soot.SootResolver.processResolveWorklist(SootResolver.java:166)
	at soot.SootResolver.resolveClass(SootResolver.java:134)
	at soot.dexpler.DexlibWrapper.initialize(DexlibWrapper.java:159)
	at soot.dexpler.DexResolver.resolveFromFile(DexResolver.java:57)
	at soot.DexClassSource.resolve(DexClassSource.java:52)
	at soot.SootResolver.bringToHierarchy(SootResolver.java:243)
	at soot.SootResolver.bringToSignatures(SootResolver.java:275)
	at soot.SootResolver.bringToBodies(SootResolver.java:313)
	at soot.SootResolver.processResolveWorklist(SootResolver.java:166)
	at soot.SootResolver.resolveClass(SootResolver.java:134)
	at soot.Scene.loadClass(Scene.java:805)
	at soot.Scene.loadClassAndSupport(Scene.java:790)
	at soot.Scene.loadNecessaryClasses(Scene.java:1528)
	at com.popoaichuiniu.util.Config.setSootOptions(Config.java:187)
	at com.popoaichuiniu.jacy.statistic.MySetupApplication.initializeSoot(MySetupApplication.java:228)
	at calculateICCMethods(MySetupApplication.java:73)
	at com.popoaichuiniu.jacy.statistic.MySetupApplication.calculateSourcesSinksEntrypoints(MySetupApplication.java:189)
	at com.popoaichuiniu.jacy.statistic.MySetupApplication.calculateMyEntrypoints(MySetupApplication.java:56)
	at com.popoaichuiniu.jacy.statistic.AndroidCallGraph.caculateAndroidCallGraph(AndroidCallGraph.java:83)
	at com.popoaichuiniu.jacy.statistic.AndroidCallGraphProxy.<init>(AndroidCallGraphProxy.java:18)
	at com.popoaichuiniu.jacy.statistic.IntentImplicitUse.doAnalysisOneApk(IntentImplicitUse.java:111)
	at com.popoaichuiniu.jacy.statistic.IntentImplicitUse.access$000(IntentImplicitUse.java:27)
	at com.popoaichuiniu.jacy.statistic.IntentImplicitUse$1.run(IntentImplicitUse.java:82)
	at java.lang.Thread.run(Thread.java:748)

2018-11-24 15:35:35,613 ERROR [Thread-3976] com.popoaichuiniu.jacy.statistic.AndroidCallGraphProxy.<init>(25) | /media/mobile/myExperiment/apps/apks_wandoujia/apks/all_app/遇见.apk&&IOException###error in opening zip file###java.util.zip.ZipException: error in opening zip file
	at java.util.zip.ZipFile.open(Native Method)
	at java.util.zip.ZipFile.<init>(ZipFile.java:225)
	at java.util.zip.ZipFile.<init>(ZipFile.java:155)
	at java.util.zip.ZipFile.<init>(ZipFile.java:169)
	at soot.jimple.infoflow.android.axml.ApkHandler.getInputStream(ApkHandler.java:99)
	at soot.jimple.infoflow.android.manifest.ProcessManifest.<init>(ProcessManifest.java:85)
	at soot.jimple.infoflow.android.manifest.ProcessManifest.<init>(ProcessManifest.java:70)
	at com.popoaichuiniu.jacy.statistic.MySetupApplication.calculateSourcesSinksEntrypoints(MySetupApplication.java:147)
	at com.popoaichuiniu.jacy.statistic.MySetupApplication.calculateMyEntrypoints(MySetupApplication.java:56)
	at com.popoaichuiniu.jacy.statistic.AndroidCallGraph.caculateAndroidCallGraph(AndroidCallGraph.java:83)
	at com.popoaichuiniu.jacy.statistic.AndroidCallGraphProxy.<init>(AndroidCallGraphProxy.java:18)
	at com.popoaichuiniu.jacy.statistic.IntentImplicitUse.doAnalysisOneApk(IntentImplicitUse.java:111)
	at com.popoaichuiniu.jacy.statistic.IntentImplicitUse.access$000(IntentImplicitUse.java:27)
	at com.popoaichuiniu.jacy.statistic.IntentImplicitUse$1.run(IntentImplicitUse.java:82)
	at java.lang.Thread.run(Thread.java:748)

2018-11-24 15:35:35,614 ERROR [Thread-3976] com.popoaichuiniu.jacy.statistic.IntentImplicitUse$1.run(84) | /media/mobile/myExperiment/apps/apks_wandoujia/apks/all_app/遇见.apk##null&&java.lang.NullPointerException

2018-11-24 15:37:04,446 ERROR [Thread-3997] com.popoaichuiniu.jacy.statistic.AndroidCallGraphProxy.<init>(25) | /media/mobile/myExperiment/apps/apks_wandoujia/apks/all_app/英语趣配音.apk&&IOException###zip file is empty###java.util.zip.ZipException: zip file is empty
	at java.util.zip.ZipFile.open(Native Method)
	at java.util.zip.ZipFile.<init>(ZipFile.java:225)
	at java.util.zip.ZipFile.<init>(ZipFile.java:155)
	at java.util.zip.ZipFile.<init>(ZipFile.java:169)
	at soot.jimple.infoflow.android.axml.ApkHandler.getInputStream(ApkHandler.java:99)
	at soot.jimple.infoflow.android.manifest.ProcessManifest.<init>(ProcessManifest.java:85)
	at soot.jimple.infoflow.android.manifest.ProcessManifest.<init>(ProcessManifest.java:70)
	at com.popoaichuiniu.jacy.statistic.MySetupApplication.calculateSourcesSinksEntrypoints(MySetupApplication.java:147)
	at com.popoaichuiniu.jacy.statistic.MySetupApplication.calculateMyEntrypoints(MySetupApplication.java:56)
	at com.popoaichuiniu.jacy.statistic.AndroidCallGraph.caculateAndroidCallGraph(AndroidCallGraph.java:83)
	at com.popoaichuiniu.jacy.statistic.AndroidCallGraphProxy.<init>(AndroidCallGraphProxy.java:18)
	at com.popoaichuiniu.jacy.statistic.IntentImplicitUse.doAnalysisOneApk(IntentImplicitUse.java:111)
	at com.popoaichuiniu.jacy.statistic.IntentImplicitUse.access$000(IntentImplicitUse.java:27)
	at com.popoaichuiniu.jacy.statistic.IntentImplicitUse$1.run(IntentImplicitUse.java:82)
	at java.lang.Thread.run(Thread.java:748)

2018-11-24 15:37:04,446 ERROR [Thread-3997] com.popoaichuiniu.jacy.statistic.IntentImplicitUse$1.run(84) | /media/mobile/myExperiment/apps/apks_wandoujia/apks/all_app/英语趣配音.apk##null&&java.lang.NullPointerException

2018-11-24 15:41:48,292 ERROR [Thread-4098] com.popoaichuiniu.jacy.statistic.AndroidCallGraphProxy.<init>(25) | /media/mobile/myExperiment/apps/apks_wandoujia/apks/all_app/无忧乐行.apk&&IOException###error in opening zip file###java.util.zip.ZipException: error in opening zip file
	at java.util.zip.ZipFile.open(Native Method)
	at java.util.zip.ZipFile.<init>(ZipFile.java:225)
	at java.util.zip.ZipFile.<init>(ZipFile.java:155)
	at java.util.zip.ZipFile.<init>(ZipFile.java:169)
	at soot.jimple.infoflow.android.axml.ApkHandler.getInputStream(ApkHandler.java:99)
	at soot.jimple.infoflow.android.manifest.ProcessManifest.<init>(ProcessManifest.java:85)
	at soot.jimple.infoflow.android.manifest.ProcessManifest.<init>(ProcessManifest.java:70)
	at com.popoaichuiniu.jacy.statistic.MySetupApplication.calculateSourcesSinksEntrypoints(MySetupApplication.java:147)
	at com.popoaichuiniu.jacy.statistic.MySetupApplication.calculateMyEntrypoints(MySetupApplication.java:56)
	at com.popoaichuiniu.jacy.statistic.AndroidCallGraph.caculateAndroidCallGraph(AndroidCallGraph.java:83)
	at com.popoaichuiniu.jacy.statistic.AndroidCallGraphProxy.<init>(AndroidCallGraphProxy.java:18)
	at com.popoaichuiniu.jacy.statistic.IntentImplicitUse.doAnalysisOneApk(IntentImplicitUse.java:111)
	at com.popoaichuiniu.jacy.statistic.IntentImplicitUse.access$000(IntentImplicitUse.java:27)
	at com.popoaichuiniu.jacy.statistic.IntentImplicitUse$1.run(IntentImplicitUse.java:82)
	at java.lang.Thread.run(Thread.java:748)

2018-11-24 15:41:48,292 ERROR [Thread-4098] com.popoaichuiniu.jacy.statistic.IntentImplicitUse$1.run(84) | /media/mobile/myExperiment/apps/apks_wandoujia/apks/all_app/无忧乐行.apk##null&&java.lang.NullPointerException

2018-11-24 15:57:54,064 ERROR [Thread-4439] com.popoaichuiniu.jacy.statistic.IntentImplicitUse$1.run(84) | /media/mobile/myExperiment/apps/apks_wandoujia/apks/all_app/喜马拉雅FM.apk##Resolved <android.support.v4.content.ContextCompat: java.io.File getNoBackupFilesDir(android.content.Context)> to <android.support.v4.content.ContextCompat: java.io.File getNoBackupFilesDir(android.content.Context)> which has wrong static-ness&&soot.ResolutionFailedException: Resolved <android.support.v4.content.ContextCompat: java.io.File getNoBackupFilesDir(android.content.Context)> to <android.support.v4.content.ContextCompat: java.io.File getNoBackupFilesDir(android.content.Context)> which has wrong static-ness
	at soot.SootMethodRefImpl.checkStatic(SootMethodRefImpl.java:114)
	at soot.SootMethodRefImpl.resolve(SootMethodRefImpl.java:129)
	at soot.SootMethodRefImpl.resolve(SootMethodRefImpl.java:109)
	at soot.jimple.internal.AbstractInvokeExpr.getMethod(AbstractInvokeExpr.java:67)
	at com.popoaichuiniu.util.Util.getCalleeSootMethodAt(Util.java:64)
	at com.popoaichuiniu.jacy.statistic.IntentImplicitUse.doAnalysisOneSootMethod(IntentImplicitUse.java:153)
	at com.popoaichuiniu.jacy.statistic.IntentImplicitUse.doAnalysisOneApk(IntentImplicitUse.java:125)
	at com.popoaichuiniu.jacy.statistic.IntentImplicitUse.access$000(IntentImplicitUse.java:27)
	at com.popoaichuiniu.jacy.statistic.IntentImplicitUse$1.run(IntentImplicitUse.java:82)
	at java.lang.Thread.run(Thread.java:748)

2018-11-24 16:00:57,029 ERROR [Thread-4509] com.popoaichuiniu.jacy.statistic.AndroidCallGraphProxy.<init>(25) | /media/mobile/myExperiment/apps/apks_wandoujia/apks/all_app/168开奖现场.apk&&IOException###zip file is empty###java.util.zip.ZipException: zip file is empty
	at java.util.zip.ZipFile.open(Native Method)
	at java.util.zip.ZipFile.<init>(ZipFile.java:225)
	at java.util.zip.ZipFile.<init>(ZipFile.java:155)
	at java.util.zip.ZipFile.<init>(ZipFile.java:169)
	at soot.jimple.infoflow.android.axml.ApkHandler.getInputStream(ApkHandler.java:99)
	at soot.jimple.infoflow.android.manifest.ProcessManifest.<init>(ProcessManifest.java:85)
	at soot.jimple.infoflow.android.manifest.ProcessManifest.<init>(ProcessManifest.java:70)
	at com.popoaichuiniu.jacy.statistic.MySetupApplication.calculateSourcesSinksEntrypoints(MySetupApplication.java:147)
	at com.popoaichuiniu.jacy.statistic.MySetupApplication.calculateMyEntrypoints(MySetupApplication.java:56)
	at com.popoaichuiniu.jacy.statistic.AndroidCallGraph.caculateAndroidCallGraph(AndroidCallGraph.java:83)
	at com.popoaichuiniu.jacy.statistic.AndroidCallGraphProxy.<init>(AndroidCallGraphProxy.java:18)
	at com.popoaichuiniu.jacy.statistic.IntentImplicitUse.doAnalysisOneApk(IntentImplicitUse.java:111)
	at com.popoaichuiniu.jacy.statistic.IntentImplicitUse.access$000(IntentImplicitUse.java:27)
	at com.popoaichuiniu.jacy.statistic.IntentImplicitUse$1.run(IntentImplicitUse.java:82)
	at java.lang.Thread.run(Thread.java:748)

2018-11-24 16:00:57,030 ERROR [Thread-4509] com.popoaichuiniu.jacy.statistic.IntentImplicitUse$1.run(84) | /media/mobile/myExperiment/apps/apks_wandoujia/apks/all_app/168开奖现场.apk##null&&java.lang.NullPointerException

2018-11-24 16:12:44,006 ERROR [Thread-4730] com.popoaichuiniu.jacy.statistic.IntentImplicitUse$1.run(84) | /media/mobile/myExperiment/apps/apks_wandoujia/apks/all_app/Spotify.apk##null&&java.lang.ClassCastException

2018-11-24 16:13:27,008 ERROR [Thread-4741] com.popoaichuiniu.jacy.statistic.IntentImplicitUse$1.run(84) | /media/mobile/myExperiment/apps/apks_wandoujia/apks/all_app/平安好医生.apk##null&&java.lang.ArrayIndexOutOfBoundsException

2018-11-24 16:14:42,655 ERROR [Thread-4772] com.popoaichuiniu.jacy.statistic.AndroidCallGraphProxy.<init>(25) | /media/mobile/myExperiment/apps/apks_wandoujia/apks/all_app/ee桌面.apk&&IOException###zip file is empty###java.util.zip.ZipException: zip file is empty
	at java.util.zip.ZipFile.open(Native Method)
	at java.util.zip.ZipFile.<init>(ZipFile.java:225)
	at java.util.zip.ZipFile.<init>(ZipFile.java:155)
	at java.util.zip.ZipFile.<init>(ZipFile.java:169)
	at soot.jimple.infoflow.android.axml.ApkHandler.getInputStream(ApkHandler.java:99)
	at soot.jimple.infoflow.android.manifest.ProcessManifest.<init>(ProcessManifest.java:85)
	at soot.jimple.infoflow.android.manifest.ProcessManifest.<init>(ProcessManifest.java:70)
	at com.popoaichuiniu.jacy.statistic.MySetupApplication.calculateSourcesSinksEntrypoints(MySetupApplication.java:147)
	at com.popoaichuiniu.jacy.statistic.MySetupApplication.calculateMyEntrypoints(MySetupApplication.java:56)
	at com.popoaichuiniu.jacy.statistic.AndroidCallGraph.caculateAndroidCallGraph(AndroidCallGraph.java:83)
	at com.popoaichuiniu.jacy.statistic.AndroidCallGraphProxy.<init>(AndroidCallGraphProxy.java:18)
	at com.popoaichuiniu.jacy.statistic.IntentImplicitUse.doAnalysisOneApk(IntentImplicitUse.java:111)
	at com.popoaichuiniu.jacy.statistic.IntentImplicitUse.access$000(IntentImplicitUse.java:27)
	at com.popoaichuiniu.jacy.statistic.IntentImplicitUse$1.run(IntentImplicitUse.java:82)
	at java.lang.Thread.run(Thread.java:748)

2018-11-24 16:14:42,655 ERROR [Thread-4772] com.popoaichuiniu.jacy.statistic.IntentImplicitUse$1.run(84) | /media/mobile/myExperiment/apps/apks_wandoujia/apks/all_app/ee桌面.apk##null&&java.lang.NullPointerException

2018-11-24 16:19:16,372 ERROR [Thread-4853] com.popoaichuiniu.jacy.statistic.AndroidCallGraphProxy.<init>(25) | /media/mobile/myExperiment/apps/apks_wandoujia/apks/all_app/掌上电力.apk&&IOException###error in opening zip file###java.util.zip.ZipException: error in opening zip file
	at java.util.zip.ZipFile.open(Native Method)
	at java.util.zip.ZipFile.<init>(ZipFile.java:225)
	at java.util.zip.ZipFile.<init>(ZipFile.java:155)
	at java.util.zip.ZipFile.<init>(ZipFile.java:169)
	at soot.jimple.infoflow.android.axml.ApkHandler.getInputStream(ApkHandler.java:99)
	at soot.jimple.infoflow.android.manifest.ProcessManifest.<init>(ProcessManifest.java:85)
	at soot.jimple.infoflow.android.manifest.ProcessManifest.<init>(ProcessManifest.java:70)
	at com.popoaichuiniu.jacy.statistic.MySetupApplication.calculateSourcesSinksEntrypoints(MySetupApplication.java:147)
	at com.popoaichuiniu.jacy.statistic.MySetupApplication.calculateMyEntrypoints(MySetupApplication.java:56)
	at com.popoaichuiniu.jacy.statistic.AndroidCallGraph.caculateAndroidCallGraph(AndroidCallGraph.java:83)
	at com.popoaichuiniu.jacy.statistic.AndroidCallGraphProxy.<init>(AndroidCallGraphProxy.java:18)
	at com.popoaichuiniu.jacy.statistic.IntentImplicitUse.doAnalysisOneApk(IntentImplicitUse.java:111)
	at com.popoaichuiniu.jacy.statistic.IntentImplicitUse.access$000(IntentImplicitUse.java:27)
	at com.popoaichuiniu.jacy.statistic.IntentImplicitUse$1.run(IntentImplicitUse.java:82)
	at java.lang.Thread.run(Thread.java:748)

2018-11-24 16:19:16,372 ERROR [Thread-4853] com.popoaichuiniu.jacy.statistic.IntentImplicitUse$1.run(84) | /media/mobile/myExperiment/apps/apks_wandoujia/apks/all_app/掌上电力.apk##null&&java.lang.NullPointerException

2018-11-24 16:28:03,164 ERROR [Thread-5024] com.popoaichuiniu.jacy.statistic.AndroidCallGraphProxy.<init>(25) | /media/mobile/myExperiment/apps/apks_wandoujia/apks/all_app/百变语音.apk&&IOException###error in opening zip file###java.util.zip.ZipException: error in opening zip file
	at java.util.zip.ZipFile.open(Native Method)
	at java.util.zip.ZipFile.<init>(ZipFile.java:225)
	at java.util.zip.ZipFile.<init>(ZipFile.java:155)
	at java.util.zip.ZipFile.<init>(ZipFile.java:169)
	at soot.jimple.infoflow.android.axml.ApkHandler.getInputStream(ApkHandler.java:99)
	at soot.jimple.infoflow.android.manifest.ProcessManifest.<init>(ProcessManifest.java:85)
	at soot.jimple.infoflow.android.manifest.ProcessManifest.<init>(ProcessManifest.java:70)
	at com.popoaichuiniu.jacy.statistic.MySetupApplication.calculateSourcesSinksEntrypoints(MySetupApplication.java:147)
	at com.popoaichuiniu.jacy.statistic.MySetupApplication.calculateMyEntrypoints(MySetupApplication.java:56)
	at com.popoaichuiniu.jacy.statistic.AndroidCallGraph.caculateAndroidCallGraph(AndroidCallGraph.java:83)
	at com.popoaichuiniu.jacy.statistic.AndroidCallGraphProxy.<init>(AndroidCallGraphProxy.java:18)
	at com.popoaichuiniu.jacy.statistic.IntentImplicitUse.doAnalysisOneApk(IntentImplicitUse.java:111)
	at com.popoaichuiniu.jacy.statistic.IntentImplicitUse.access$000(IntentImplicitUse.java:27)
	at com.popoaichuiniu.jacy.statistic.IntentImplicitUse$1.run(IntentImplicitUse.java:82)
	at java.lang.Thread.run(Thread.java:748)

2018-11-24 16:28:03,164 ERROR [Thread-5024] com.popoaichuiniu.jacy.statistic.IntentImplicitUse$1.run(84) | /media/mobile/myExperiment/apps/apks_wandoujia/apks/all_app/百变语音.apk##null&&java.lang.NullPointerException

2018-11-24 16:32:49,855 ERROR [Thread-5075] com.popoaichuiniu.jacy.statistic.AndroidCallGraphProxy.<init>(25) | /media/mobile/myExperiment/apps/apks_wandoujia/apks/all_app/闪银.apk&&IOException###zip file is empty###java.util.zip.ZipException: zip file is empty
	at java.util.zip.ZipFile.open(Native Method)
	at java.util.zip.ZipFile.<init>(ZipFile.java:225)
	at java.util.zip.ZipFile.<init>(ZipFile.java:155)
	at java.util.zip.ZipFile.<init>(ZipFile.java:169)
	at soot.jimple.infoflow.android.axml.ApkHandler.getInputStream(ApkHandler.java:99)
	at soot.jimple.infoflow.android.manifest.ProcessManifest.<init>(ProcessManifest.java:85)
	at soot.jimple.infoflow.android.manifest.ProcessManifest.<init>(ProcessManifest.java:70)
	at com.popoaichuiniu.jacy.statistic.MySetupApplication.calculateSourcesSinksEntrypoints(MySetupApplication.java:147)
	at com.popoaichuiniu.jacy.statistic.MySetupApplication.calculateMyEntrypoints(MySetupApplication.java:56)
	at com.popoaichuiniu.jacy.statistic.AndroidCallGraph.caculateAndroidCallGraph(AndroidCallGraph.java:83)
	at com.popoaichuiniu.jacy.statistic.AndroidCallGraphProxy.<init>(AndroidCallGraphProxy.java:18)
	at com.popoaichuiniu.jacy.statistic.IntentImplicitUse.doAnalysisOneApk(IntentImplicitUse.java:111)
	at com.popoaichuiniu.jacy.statistic.IntentImplicitUse.access$000(IntentImplicitUse.java:27)
	at com.popoaichuiniu.jacy.statistic.IntentImplicitUse$1.run(IntentImplicitUse.java:82)
	at java.lang.Thread.run(Thread.java:748)

2018-11-24 16:32:49,855 ERROR [Thread-5075] com.popoaichuiniu.jacy.statistic.IntentImplicitUse$1.run(84) | /media/mobile/myExperiment/apps/apks_wandoujia/apks/all_app/闪银.apk##null&&java.lang.NullPointerException

2018-11-24 16:33:03,592 ERROR [Thread-5086] com.popoaichuiniu.jacy.statistic.AndroidCallGraphProxy.<init>(25) | /media/mobile/myExperiment/apps/apks_wandoujia/apks/all_app/1药网.apk&&IOException###error in opening zip file###java.util.zip.ZipException: error in opening zip file
	at java.util.zip.ZipFile.open(Native Method)
	at java.util.zip.ZipFile.<init>(ZipFile.java:225)
	at java.util.zip.ZipFile.<init>(ZipFile.java:155)
	at java.util.zip.ZipFile.<init>(ZipFile.java:169)
	at soot.jimple.infoflow.android.axml.ApkHandler.getInputStream(ApkHandler.java:99)
	at soot.jimple.infoflow.android.manifest.ProcessManifest.<init>(ProcessManifest.java:85)
	at soot.jimple.infoflow.android.manifest.ProcessManifest.<init>(ProcessManifest.java:70)
	at com.popoaichuiniu.jacy.statistic.MySetupApplication.calculateSourcesSinksEntrypoints(MySetupApplication.java:147)
	at com.popoaichuiniu.jacy.statistic.MySetupApplication.calculateMyEntrypoints(MySetupApplication.java:56)
	at com.popoaichuiniu.jacy.statistic.AndroidCallGraph.caculateAndroidCallGraph(AndroidCallGraph.java:83)
	at com.popoaichuiniu.jacy.statistic.AndroidCallGraphProxy.<init>(AndroidCallGraphProxy.java:18)
	at com.popoaichuiniu.jacy.statistic.IntentImplicitUse.doAnalysisOneApk(IntentImplicitUse.java:111)
	at com.popoaichuiniu.jacy.statistic.IntentImplicitUse.access$000(IntentImplicitUse.java:27)
	at com.popoaichuiniu.jacy.statistic.IntentImplicitUse$1.run(IntentImplicitUse.java:82)
	at java.lang.Thread.run(Thread.java:748)

2018-11-24 16:33:03,592 ERROR [Thread-5086] com.popoaichuiniu.jacy.statistic.IntentImplicitUse$1.run(84) | /media/mobile/myExperiment/apps/apks_wandoujia/apks/all_app/1药网.apk##null&&java.lang.NullPointerException

2018-11-24 16:39:50,733 ERROR [Thread-5227] com.popoaichuiniu.jacy.statistic.IntentImplicitUse$1.run(84) | /media/mobile/myExperiment/apps/apks_wandoujia/apks/all_app/曹操贷.apk##null&&java.lang.ArrayIndexOutOfBoundsException

2018-11-24 16:44:11,224 ERROR [Thread-5298] com.popoaichuiniu.jacy.statistic.AndroidCallGraphProxy.<init>(25) | /media/mobile/myExperiment/apps/apks_wandoujia/apks/all_app/云图直播手机电视.apk&&IOException###error in opening zip file###java.util.zip.ZipException: error in opening zip file
	at java.util.zip.ZipFile.open(Native Method)
	at java.util.zip.ZipFile.<init>(ZipFile.java:225)
	at java.util.zip.ZipFile.<init>(ZipFile.java:155)
	at java.util.zip.ZipFile.<init>(ZipFile.java:169)
	at soot.jimple.infoflow.android.axml.ApkHandler.getInputStream(ApkHandler.java:99)
	at soot.jimple.infoflow.android.manifest.ProcessManifest.<init>(ProcessManifest.java:85)
	at soot.jimple.infoflow.android.manifest.ProcessManifest.<init>(ProcessManifest.java:70)
	at com.popoaichuiniu.jacy.statistic.MySetupApplication.calculateSourcesSinksEntrypoints(MySetupApplication.java:147)
	at com.popoaichuiniu.jacy.statistic.MySetupApplication.calculateMyEntrypoints(MySetupApplication.java:56)
	at com.popoaichuiniu.jacy.statistic.AndroidCallGraph.caculateAndroidCallGraph(AndroidCallGraph.java:83)
	at com.popoaichuiniu.jacy.statistic.AndroidCallGraphProxy.<init>(AndroidCallGraphProxy.java:18)
	at com.popoaichuiniu.jacy.statistic.IntentImplicitUse.doAnalysisOneApk(IntentImplicitUse.java:111)
	at com.popoaichuiniu.jacy.statistic.IntentImplicitUse.access$000(IntentImplicitUse.java:27)
	at com.popoaichuiniu.jacy.statistic.IntentImplicitUse$1.run(IntentImplicitUse.java:82)
	at java.lang.Thread.run(Thread.java:748)

2018-11-24 16:44:11,224 ERROR [Thread-5298] com.popoaichuiniu.jacy.statistic.IntentImplicitUse$1.run(84) | /media/mobile/myExperiment/apps/apks_wandoujia/apks/all_app/云图直播手机电视.apk##null&&java.lang.NullPointerException

2018-11-24 16:58:45,545 ERROR [Thread-5549] com.popoaichuiniu.jacy.statistic.AndroidCallGraphProxy.<init>(25) | /media/mobile/myExperiment/apps/apks_wandoujia/apks/all_app/365老人桌面.apk&&IOException###error in opening zip file###java.util.zip.ZipException: error in opening zip file
	at java.util.zip.ZipFile.open(Native Method)
	at java.util.zip.ZipFile.<init>(ZipFile.java:225)
	at java.util.zip.ZipFile.<init>(ZipFile.java:155)
	at java.util.zip.ZipFile.<init>(ZipFile.java:169)
	at soot.jimple.infoflow.android.axml.ApkHandler.getInputStream(ApkHandler.java:99)
	at soot.jimple.infoflow.android.manifest.ProcessManifest.<init>(ProcessManifest.java:85)
	at soot.jimple.infoflow.android.manifest.ProcessManifest.<init>(ProcessManifest.java:70)
	at com.popoaichuiniu.jacy.statistic.MySetupApplication.calculateSourcesSinksEntrypoints(MySetupApplication.java:147)
	at com.popoaichuiniu.jacy.statistic.MySetupApplication.calculateMyEntrypoints(MySetupApplication.java:56)
	at com.popoaichuiniu.jacy.statistic.AndroidCallGraph.caculateAndroidCallGraph(AndroidCallGraph.java:83)
	at com.popoaichuiniu.jacy.statistic.AndroidCallGraphProxy.<init>(AndroidCallGraphProxy.java:18)
	at com.popoaichuiniu.jacy.statistic.IntentImplicitUse.doAnalysisOneApk(IntentImplicitUse.java:111)
	at com.popoaichuiniu.jacy.statistic.IntentImplicitUse.access$000(IntentImplicitUse.java:27)
	at com.popoaichuiniu.jacy.statistic.IntentImplicitUse$1.run(IntentImplicitUse.java:82)
	at java.lang.Thread.run(Thread.java:748)

2018-11-24 16:58:45,546 ERROR [Thread-5549] com.popoaichuiniu.jacy.statistic.IntentImplicitUse$1.run(84) | /media/mobile/myExperiment/apps/apks_wandoujia/apks/all_app/365老人桌面.apk##null&&java.lang.NullPointerException

2018-11-24 17:04:08,694 ERROR [Thread-5640] com.popoaichuiniu.jacy.statistic.IntentImplicitUse$1.run(84) | /media/mobile/myExperiment/apps/apks_wandoujia/apks/all_app/Apple Music.apk##no active body present for method <com.apple.android.music.icloud.activities.ChildAccountCreationPasswordActivity: void <clinit>()>&&java.lang.RuntimeException: no active body present for method <com.apple.android.music.icloud.activities.ChildAccountCreationPasswordActivity: void <clinit>()>
	at soot.SootMethod.getActiveBody(SootMethod.java:300)
	at soot.toolkits.scalar.ConstantInitializerToTagTransformer.transformClass(ConstantInitializerToTagTransformer.java:75)
	at soot.PackManager.runPacksNormally(PackManager.java:478)
	at soot.PackManager.runPacks(PackManager.java:398)
	at com.popoaichuiniu.jacy.statistic.AndroidCallGraph.constructCallgraph(AndroidCallGraph.java:111)
	at com.popoaichuiniu.jacy.statistic.AndroidCallGraph.caculateAndroidCallGraph(AndroidCallGraph.java:90)
	at com.popoaichuiniu.jacy.statistic.AndroidCallGraphProxy.<init>(AndroidCallGraphProxy.java:18)
	at com.popoaichuiniu.jacy.statistic.IntentImplicitUse.doAnalysisOneApk(IntentImplicitUse.java:111)
	at com.popoaichuiniu.jacy.statistic.IntentImplicitUse.access$000(IntentImplicitUse.java:27)
	at com.popoaichuiniu.jacy.statistic.IntentImplicitUse$1.run(IntentImplicitUse.java:82)
	at java.lang.Thread.run(Thread.java:748)

2018-11-24 17:09:41,511 ERROR [Thread-5772] com.popoaichuiniu.jacy.statistic.IntentImplicitUse$1.run(84) | /media/mobile/myExperiment/apps/apks_wandoujia/apks/all_app/饿了么.apk##Multiple application classes in app&&java.lang.RuntimeException: Multiple application classes in app
	at soot.jimple.infoflow.entryPointCreators.AndroidEntryPointCreator.createDummyMainInternal(AndroidEntryPointCreator.java:211)
	at soot.jimple.infoflow.entryPointCreators.BaseEntryPointCreator.createDummyMainInternal(BaseEntryPointCreator.java:124)
	at soot.jimple.infoflow.entryPointCreators.BaseEntryPointCreator.createDummyMain(BaseEntryPointCreator.java:109)
	at com.popoaichuiniu.jacy.statistic.AndroidCallGraph.constructCallgraph(AndroidCallGraph.java:99)
	at com.popoaichuiniu.jacy.statistic.AndroidCallGraph.caculateAndroidCallGraph(AndroidCallGraph.java:90)
	at com.popoaichuiniu.jacy.statistic.AndroidCallGraphProxy.<init>(AndroidCallGraphProxy.java:18)
	at com.popoaichuiniu.jacy.statistic.IntentImplicitUse.doAnalysisOneApk(IntentImplicitUse.java:111)
	at com.popoaichuiniu.jacy.statistic.IntentImplicitUse.access$000(IntentImplicitUse.java:27)
	at com.popoaichuiniu.jacy.statistic.IntentImplicitUse$1.run(IntentImplicitUse.java:82)
	at java.lang.Thread.run(Thread.java:748)

2018-11-24 17:15:26,454 ERROR [Thread-5893] com.popoaichuiniu.jacy.statistic.AndroidCallGraphProxy.<init>(25) | /media/mobile/myExperiment/apps/apks_wandoujia/apks/all_app/空调遥控器.apk&&IOException###zip file is empty###java.util.zip.ZipException: zip file is empty
	at java.util.zip.ZipFile.open(Native Method)
	at java.util.zip.ZipFile.<init>(ZipFile.java:225)
	at java.util.zip.ZipFile.<init>(ZipFile.java:155)
	at java.util.zip.ZipFile.<init>(ZipFile.java:169)
	at soot.jimple.infoflow.android.axml.ApkHandler.getInputStream(ApkHandler.java:99)
	at soot.jimple.infoflow.android.manifest.ProcessManifest.<init>(ProcessManifest.java:85)
	at soot.jimple.infoflow.android.manifest.ProcessManifest.<init>(ProcessManifest.java:70)
	at com.popoaichuiniu.jacy.statistic.MySetupApplication.calculateSourcesSinksEntrypoints(MySetupApplication.java:147)
	at com.popoaichuiniu.jacy.statistic.MySetupApplication.calculateMyEntrypoints(MySetupApplication.java:56)
	at com.popoaichuiniu.jacy.statistic.AndroidCallGraph.caculateAndroidCallGraph(AndroidCallGraph.java:83)
	at com.popoaichuiniu.jacy.statistic.AndroidCallGraphProxy.<init>(AndroidCallGraphProxy.java:18)
	at com.popoaichuiniu.jacy.statistic.IntentImplicitUse.doAnalysisOneApk(IntentImplicitUse.java:111)
	at com.popoaichuiniu.jacy.statistic.IntentImplicitUse.access$000(IntentImplicitUse.java:27)
	at com.popoaichuiniu.jacy.statistic.IntentImplicitUse$1.run(IntentImplicitUse.java:82)
	at java.lang.Thread.run(Thread.java:748)

2018-11-24 17:15:26,454 ERROR [Thread-5893] com.popoaichuiniu.jacy.statistic.IntentImplicitUse$1.run(84) | /media/mobile/myExperiment/apps/apks_wandoujia/apks/all_app/空调遥控器.apk##null&&java.lang.NullPointerException

2018-11-24 17:17:59,501 ERROR [Thread-5964] com.popoaichuiniu.jacy.statistic.AndroidCallGraphProxy.<init>(25) | /media/mobile/myExperiment/apps/apks_wandoujia/apks/all_app/iOS7扁平主题.apk&&IOException###zip file is empty###java.util.zip.ZipException: zip file is empty
	at java.util.zip.ZipFile.open(Native Method)
	at java.util.zip.ZipFile.<init>(ZipFile.java:225)
	at java.util.zip.ZipFile.<init>(ZipFile.java:155)
	at java.util.zip.ZipFile.<init>(ZipFile.java:169)
	at soot.jimple.infoflow.android.axml.ApkHandler.getInputStream(ApkHandler.java:99)
	at soot.jimple.infoflow.android.manifest.ProcessManifest.<init>(ProcessManifest.java:85)
	at soot.jimple.infoflow.android.manifest.ProcessManifest.<init>(ProcessManifest.java:70)
	at com.popoaichuiniu.jacy.statistic.MySetupApplication.calculateSourcesSinksEntrypoints(MySetupApplication.java:147)
	at com.popoaichuiniu.jacy.statistic.MySetupApplication.calculateMyEntrypoints(MySetupApplication.java:56)
	at com.popoaichuiniu.jacy.statistic.AndroidCallGraph.caculateAndroidCallGraph(AndroidCallGraph.java:83)
	at com.popoaichuiniu.jacy.statistic.AndroidCallGraphProxy.<init>(AndroidCallGraphProxy.java:18)
	at com.popoaichuiniu.jacy.statistic.IntentImplicitUse.doAnalysisOneApk(IntentImplicitUse.java:111)
	at com.popoaichuiniu.jacy.statistic.IntentImplicitUse.access$000(IntentImplicitUse.java:27)
	at com.popoaichuiniu.jacy.statistic.IntentImplicitUse$1.run(IntentImplicitUse.java:82)
	at java.lang.Thread.run(Thread.java:748)

2018-11-24 17:17:59,501 ERROR [Thread-5964] com.popoaichuiniu.jacy.statistic.IntentImplicitUse$1.run(84) | /media/mobile/myExperiment/apps/apks_wandoujia/apks/all_app/iOS7扁平主题.apk##null&&java.lang.NullPointerException

2018-11-24 17:27:49,716 ERROR [Thread-6145] com.popoaichuiniu.jacy.statistic.AndroidCallGraphProxy.<init>(25) | /media/mobile/myExperiment/apps/apks_wandoujia/apks/all_app/万能wifi钥匙.apk&&IOException###zip file is empty###java.util.zip.ZipException: zip file is empty
	at java.util.zip.ZipFile.open(Native Method)
	at java.util.zip.ZipFile.<init>(ZipFile.java:225)
	at java.util.zip.ZipFile.<init>(ZipFile.java:155)
	at java.util.zip.ZipFile.<init>(ZipFile.java:169)
	at soot.jimple.infoflow.android.axml.ApkHandler.getInputStream(ApkHandler.java:99)
	at soot.jimple.infoflow.android.manifest.ProcessManifest.<init>(ProcessManifest.java:85)
	at soot.jimple.infoflow.android.manifest.ProcessManifest.<init>(ProcessManifest.java:70)
	at com.popoaichuiniu.jacy.statistic.MySetupApplication.calculateSourcesSinksEntrypoints(MySetupApplication.java:147)
	at com.popoaichuiniu.jacy.statistic.MySetupApplication.calculateMyEntrypoints(MySetupApplication.java:56)
	at com.popoaichuiniu.jacy.statistic.AndroidCallGraph.caculateAndroidCallGraph(AndroidCallGraph.java:83)
	at com.popoaichuiniu.jacy.statistic.AndroidCallGraphProxy.<init>(AndroidCallGraphProxy.java:18)
	at com.popoaichuiniu.jacy.statistic.IntentImplicitUse.doAnalysisOneApk(IntentImplicitUse.java:111)
	at com.popoaichuiniu.jacy.statistic.IntentImplicitUse.access$000(IntentImplicitUse.java:27)
	at com.popoaichuiniu.jacy.statistic.IntentImplicitUse$1.run(IntentImplicitUse.java:82)
	at java.lang.Thread.run(Thread.java:748)

2018-11-24 17:27:49,717 ERROR [Thread-6145] com.popoaichuiniu.jacy.statistic.IntentImplicitUse$1.run(84) | /media/mobile/myExperiment/apps/apks_wandoujia/apks/all_app/万能wifi钥匙.apk##null&&java.lang.NullPointerException

2018-11-24 17:59:48,358 ERROR [Thread-6736] com.popoaichuiniu.util.WriteFile.flush(45) | No space left on device##java.io.IOException: No space left on device
	at java.io.FileOutputStream.writeBytes(Native Method)
	at java.io.FileOutputStream.write(FileOutputStream.java:326)
	at sun.nio.cs.StreamEncoder.writeBytes(StreamEncoder.java:221)
	at sun.nio.cs.StreamEncoder.implFlushBuffer(StreamEncoder.java:291)
	at sun.nio.cs.StreamEncoder.implFlush(StreamEncoder.java:295)
	at sun.nio.cs.StreamEncoder.flush(StreamEncoder.java:141)
	at java.io.OutputStreamWriter.flush(OutputStreamWriter.java:229)
	at java.io.BufferedWriter.flush(BufferedWriter.java:254)
	at com.popoaichuiniu.util.WriteFile.flush(WriteFile.java:43)
	at com.popoaichuiniu.jacy.statistic.IntentImplicitUse.doAnalysisOneApk(IntentImplicitUse.java:132)
	at com.popoaichuiniu.jacy.statistic.IntentImplicitUse.access$000(IntentImplicitUse.java:27)
	at com.popoaichuiniu.jacy.statistic.IntentImplicitUse$1.run(IntentImplicitUse.java:82)
	at java.lang.Thread.run(Thread.java:748)

2018-11-24 18:00:24,712 ERROR [Thread-6746] com.popoaichuiniu.util.WriteFile.flush(45) | No space left on device##java.io.IOException: No space left on device
	at java.io.FileOutputStream.writeBytes(Native Method)
	at java.io.FileOutputStream.write(FileOutputStream.java:326)
	at sun.nio.cs.StreamEncoder.writeBytes(StreamEncoder.java:221)
	at sun.nio.cs.StreamEncoder.implFlushBuffer(StreamEncoder.java:291)
	at sun.nio.cs.StreamEncoder.implFlush(StreamEncoder.java:295)
	at sun.nio.cs.StreamEncoder.flush(StreamEncoder.java:141)
	at java.io.OutputStreamWriter.flush(OutputStreamWriter.java:229)
	at java.io.BufferedWriter.flush(BufferedWriter.java:254)
	at com.popoaichuiniu.util.WriteFile.flush(WriteFile.java:43)
	at com.popoaichuiniu.jacy.statistic.IntentImplicitUse.doAnalysisOneApk(IntentImplicitUse.java:132)
	at com.popoaichuiniu.jacy.statistic.IntentImplicitUse.access$000(IntentImplicitUse.java:27)
	at com.popoaichuiniu.jacy.statistic.IntentImplicitUse$1.run(IntentImplicitUse.java:82)
	at java.lang.Thread.run(Thread.java:748)

2018-11-24 18:01:11,599 ERROR [Thread-6756] com.popoaichuiniu.util.WriteFile.flush(45) | No space left on device##java.io.IOException: No space left on device
	at java.io.FileOutputStream.writeBytes(Native Method)
	at java.io.FileOutputStream.write(FileOutputStream.java:326)
	at sun.nio.cs.StreamEncoder.writeBytes(StreamEncoder.java:221)
	at sun.nio.cs.StreamEncoder.implFlushBuffer(StreamEncoder.java:291)
	at sun.nio.cs.StreamEncoder.implFlush(StreamEncoder.java:295)
	at sun.nio.cs.StreamEncoder.flush(StreamEncoder.java:141)
	at java.io.OutputStreamWriter.flush(OutputStreamWriter.java:229)
	at java.io.BufferedWriter.flush(BufferedWriter.java:254)
	at com.popoaichuiniu.util.WriteFile.flush(WriteFile.java:43)
	at com.popoaichuiniu.jacy.statistic.IntentImplicitUse.doAnalysisOneApk(IntentImplicitUse.java:132)
	at com.popoaichuiniu.jacy.statistic.IntentImplicitUse.access$000(IntentImplicitUse.java:27)
	at com.popoaichuiniu.jacy.statistic.IntentImplicitUse$1.run(IntentImplicitUse.java:82)
	at java.lang.Thread.run(Thread.java:748)

2018-11-24 18:01:14,003 ERROR [Thread-6766] com.popoaichuiniu.util.WriteFile.flush(45) | No space left on device##java.io.IOException: No space left on device
	at java.io.FileOutputStream.writeBytes(Native Method)
	at java.io.FileOutputStream.write(FileOutputStream.java:326)
	at sun.nio.cs.StreamEncoder.writeBytes(StreamEncoder.java:221)
	at sun.nio.cs.StreamEncoder.implWrite(StreamEncoder.java:282)
	at sun.nio.cs.StreamEncoder.write(StreamEncoder.java:125)
	at java.io.OutputStreamWriter.write(OutputStreamWriter.java:207)
	at java.io.BufferedWriter.flushBuffer(BufferedWriter.jav2018-11-24 18:15:23,465 ERROR [Thread-7051] com.popoaichuiniu.util.WriteFile.flush(45) | No space left on device##java.io.IOException: No space left on device
	at java.io.FileOutputStream.writeBytes(Native Method)
	at java.io.FileOutputStream.write(FileOutputStream.java:326)
	at sun.nio.cs.StreamEncoder.writeBytes(StreamEncoder.java:221)
	at sun.nio.cs.StreamEncoder.implWrite(StreamEncoder.java:282)
	at sun.nio.cs.StreamEncoder.write(StreamEncoder.java:125)
	at java.io.OutputStreamWriter.write(OutputStreamWriter.java:207)
	at java.io.BufferedWriter.flushBuffer(BufferedWriter.java:129)
	at java.io.BufferedWriter.flush(BufferedWriter.java:253)
	at com.popoaichuiniu.util.WriteFile.flush(WriteFile.java:43)
	at com.popoaichuiniu.jacy.statistic.IntentImplicitUse.doAnalysisOneApk(IntentImplicitUse.java:132)
	at com.popoaichuiniu.jacy.statistic.IntentImplicitUse.access$000(IntentImplicitUse.java:27)
	at com.popoaichuiniu.jacy.statistic.IntentImplicitUse$1.run(IntentImplicitUse.java:82)
	at java.lang.Thread.run(Thread.java:748)

2018-11-24 18:15:29,495 ERROR [Thread-7061] com.popoaichuiniu.util.WriteFile.flush(45) | No space left on device##java.io.IOException: No space left on device
	at java.io.FileOutputStream.writeBytes(Native Method)
	at java.io.FileOutputStream.write(FileOutputStream.java:326)
	at sun.nio.cs.StreamEncoder.writeBytes(StreamEncoder.java:221)
	at sun.nio.cs.StreamEncoder.implWrite(StreamEncoder.java:282)
	at sun.nio.cs.StreamEncoder.write(StreamEncoder.java:125)
	at java.io.OutputStreamWriter.write(OutputStreamWriter.java:207)
	at java.io.BufferedWriter.flushBuffer(BufferedWriter.java:129)
	at java.io.BufferedWriter.flush(BufferedWriter.java:253)
	at com.popoaichuiniu.util.WriteFile.flush(WriteFile.java:43)
	at com.popoaichuiniu.jacy.statistic.IntentImplicitUse.doAnalysisOneApk(IntentImplicitUse.java:132)
	at com.popoaichuiniu.jacy.statistic.IntentImplicitUse.access$000(IntentImplicitUse.java:27)
	at com.popoaichuiniu.jacy.statistic.IntentImplicitUse$1.run(IntentImplicitUse.java:82)
	at java.lang.Thread.run(Thread.java:748)

2018-11-24 18:16:01,625 ERROR [Thread-7071] com.popoaichuiniu.util.WriteFile.flush(45) | No space left on device##java.io.IOException: No space left on device
	at java.io.FileOutputStream.writeBytes(Native Method)
	at java.io.FileOutputStream.write(FileOutputStream.java:326)
	at sun.nio.cs.StreamEncoder.writeBytes(StreamEncoder.java:221)
	at sun.nio.cs.StreamEncoder.implWrite(StreamEncoder.java:282)
	at sun.nio.cs.StreamEncoder.write(StreamEncoder.java:125)
	at java.io.OutputStreamWriter.write(OutputStreamWriter.java:207)
	at java.io.BufferedWriter.flushBuffer(BufferedWriter.java:129)
	at java.io.BufferedWriter.flush(BufferedWriter.java:253)
	at com.popoaichuiniu.util.WriteFile.flush(WriteFile.java:43)
	at com.popoaichuiniu.jacy.statistic.IntentImplicitUse.doAnalysisOneApk(IntentImplicitUse.java:132)
	at com.popoaichuiniu.jacy.statistic.IntentImplicitUse.access$000(IntentImplicitUse.java:27)
	at com.popoaichuiniu.jacy.statistic.IntentImplicitUse$1.run(IntentImplicitUse.java:82)
	at java.lang.Thread.run(Thread.java:748)

2018-11-24 18:16:05,846 ERROR [Thread-7081] com.popoaichuiniu.util.WriteFile.flush(45) | No space left on device##java.io.IOException: No space left on device
	at java.io.FileOutputStream.writeBytes(Native Method)
	at java.io.FileOutputStream.write(FileOutputStream.java:326)
	at sun.nio.cs.StreamEncoder.writeBytes(StreamEncoder.java:221)
	at sun.nio.cs.StreamEncoder.implWrite(StreamEncoder.java:282)
	at sun.nio.cs.StreamEncoder.write(StreamEncoder.java:125)
	at java.io.OutputStreamWriter.write(OutputStreamWriter.java:207)
	at java.io.BufferedWriter.flushBuffer(BufferedWriter.java:129)
	at java.io.BufferedWriter.flush(BufferedWriter.java:253)
	at com.popoaichuiniu.util.WriteFile.flush(WriteFile.java:43)
	at com.popoaichuiniu.jacy.statistic.IntentImplicitUse.doAnalysisOneApk(IntentImplicitUse.java:132)
	at com.popoaichuiniu.jacy.statistic.IntentImplicitUse.access$000(IntentImplicitUse.java:27)
	at com.popoaichuiniu.jacy.statistic.IntentImplicitUse$1.run(IntentImplicitUse.java2018-11-24 18:30:09,651 ERROR [Thread-7321] com.popoaichuiniu.jacy.statistic.AndroidCallGraphProxy.<init>(25) | /media/mobile/myExperiment/apps/apks_wandoujia/apks/all_app/KK直播.apk&&IOException###error in opening zip file###java.util.zip.ZipException: error in opening zip file
	at java.util.zip.ZipFile.open(Native Method)
	at java.util.zip.ZipFile.<init>(ZipFile.java:225)
	at java.util.zip.ZipFile.<init>(ZipFile.java:155)
	at java.util.zip.ZipFile.<init>(ZipFile.java:169)
	at soot.jimple.infoflow.android.axml.ApkHandler.getInputStream(ApkHandler.java:99)
	at soot.jimple.infoflow.android.manifest.ProcessManifest.<init>(ProcessManifest.java:85)
	at soot.jimple.infoflow.android.manifest.ProcessManifest.<init>(ProcessManifest.java:70)
	at com.popoaichuiniu.jacy.statistic.MySetupApplication.calculateSourcesSinksEntrypoints(MySetupApplication.java:147)
	at com.popoaichuiniu.jacy.statistic.MySetupApplication.calculateMyEntrypoints(MySetupApplication.java:56)
	at com.popoaichuiniu.jacy.statistic.AndroidCallGraph.caculateAndroidCallGraph(AndroidCallGraph.java:83)
	at com.popoaichuiniu.jacy.statistic.AndroidCallGraphProxy.<init>(AndroidCallGraphProxy.java:18)
	at com.popoaichuiniu.jacy.statistic.IntentImplicitUse.doAnalysisOneApk(IntentImplicitUse.java:111)
	at com.popoaichuiniu.jacy.statistic.IntentImplicitUse.access$000(IntentImplicitUse.java:27)
	at com.popoaichuiniu.jacy.statistic.IntentImplicitUse$1.run(IntentImplicitUse.java:82)
	at java.lang.Thread.run(Thread.java:748)

2018-11-24 18:30:09,651 ERROR [Thread-7321] com.popoaichuiniu.jacy.statistic.IntentImplicitUse$1.run(84) | /media/mobile/myExperiment/apps/apks_wandoujia/apks/all_app/KK直播.apk##null&&java.lang.NullPointerException

2018-11-24 18:31:32,651 ERROR [Thread-7352] com.popoaichuiniu.jacy.statistic.AndroidCallGraphProxy.<init>(25) | /media/mobile/myExperiment/apps/apks_wandoujia/apks/all_app/Google健身.apk&&IOException###error in opening zip file###java.util.zip.ZipException: error in opening zip file
	at java.util.zip.ZipFile.open(Native Method)
	at java.util.zip.ZipFile.<init>(ZipFile.java:225)
	at java.util.zip.ZipFile.<init>(ZipFile.java:155)
	at java.util.zip.ZipFile.<init>(ZipFile.java:169)
	at soot.jimple.infoflow.android.axml.ApkHandler.getInputStream(ApkHandler.java:99)
	at soot.jimple.infoflow.android.manifest.ProcessManifest.<init>(ProcessManifest.java:85)
	at soot.jimple.infoflow.android.manifest.ProcessManifest.<init>(ProcessManifest.java:70)
	at com.popoaichuiniu.jacy.statistic.MySetupApplication.calculateSourcesSinksEntrypoints(MySetupApplication.java:147)
	at com.popoaichuiniu.jacy.statistic.MySetupApplication.calculateMyEntrypoints(MySetupApplication.java:56)
	at com.popoaichuiniu.jacy.statistic.AndroidCallGraph.caculateAndroidCallGraph(AndroidCallGraph.java:83)
	at com.popoaichuiniu.jacy.statistic.AndroidCallGraphProxy.<init>(AndroidCallGraphProxy.java:18)
	at com.popoaichuiniu.jacy.statistic.IntentImplicitUse.doAnalysisOneApk(IntentImplicitUse.java:111)
	at com.popoaichuiniu.jacy.statistic.IntentImplicitUse.access$000(IntentImplicitUse.java:27)
	at com.popoaichuiniu.jacy.statistic.IntentImplicitUse$1.run(IntentImplicitUse.java:82)
	at java.lang.Thread.run(Thread.java:748)

2018-11-24 18:31:32,651 ERROR [Thread-7352] com.popoaichuiniu.jacy.statistic.IntentImplicitUse$1.run(84) | /media/mobile/myExperiment/apps/apks_wandoujia/apks/all_app/Google健身.apk##null&&java.lang.NullPointerException

2018-11-24 18:34:59,831 ERROR [Thread-7433] com.popoaichuiniu.jacy.statistic.AndroidCallGraphProxy.<init>(25) | /media/mobile/myExperiment/apps/apks_wandoujia/apks/all_app/来电闪光灯提醒.apk&&IOException###zip file is empty###java.util.zip.ZipException: zip file is empty
	at java.util.zip.ZipFile.open(Native Method)
	at java.util.zip.ZipFile.<init>(ZipFile.java:225)
	at java.util.zip.ZipFile.<init>(ZipFile.java:155)
	at java.util.zip.ZipFile.<init>(ZipFile.java:169)
	at soot.jimple.infoflow.android.axml.ApkHandler.getInputStream(ApkHandler.java:99)
	at soot.jimple.infoflow.android.manifest.ProcessManifest.<init>(ProcessManifest.java:85)
	at so2018-11-24 18:46:31,549 ERROR [Thread-7644] com.popoaichuiniu.jacy.statistic.AndroidCallGraphProxy.<init>(25) | /media/mobile/myExperiment/apps/apks_wandoujia/apks/all_app/泡椒修改器.apk&&IOException###zip file is empty###java.util.zip.ZipException: zip file is empty
	at java.util.zip.ZipFile.open(Native Method)
	at java.util.zip.ZipFile.<init>(ZipFile.java:225)
	at java.util.zip.ZipFile.<init>(ZipFile.java:155)
	at java.util.zip.ZipFile.<init>(ZipFile.java:169)
	at soot.jimple.infoflow.android.axml.ApkHandler.getInputStream(ApkHandler.java:99)
	at soot.jimple.infoflow.android.manifest.ProcessManifest.<init>(ProcessManifest.java:85)
	at soot.jimple.infoflow.android.manifest.ProcessManifest.<init>(ProcessManifest.java:70)
	at com.popoaichuiniu.jacy.statistic.MySetupApplication.calculateSourcesSinksEntrypoints(MySetupApplication.java:147)
	at com.popoaichuiniu.jacy.statistic.MySetupApplication.calculateMyEntrypoints(MySetupApplication.java:56)
	at com.popoaichuiniu.jacy.statistic.AndroidCallGraph.caculateAndroidCallGraph(AndroidCallGraph.java:83)
	at com.popoaichuiniu.jacy.statistic.AndroidCallGraphProxy.<init>(AndroidCallGraphProxy.java:18)
	at com.popoaichuiniu.jacy.statistic.IntentImplicitUse.doAnalysisOneApk(IntentImplicitUse.java:111)
	at com.popoaichuiniu.jacy.statistic.IntentImplicitUse.access$000(IntentImplicitUse.java:27)
	at com.popoaichuiniu.jacy.statistic.IntentImplicitUse$1.run(IntentImplicitUse.java:82)
	at java.lang.Thread.run(Thread.java:748)

2018-11-24 18:46:31,549 ERROR [Thread-7644] com.popoaichuiniu.jacy.statistic.IntentImplicitUse$1.run(84) | /media/mobile/myExperiment/apps/apks_wandoujia/apks/all_app/泡椒修改器.apk##null&&java.lang.NullPointerException

2018-11-24 18:51:47,377 ERROR [Thread-7735] com.popoaichuiniu.util.WriteFile.flush(45) | No space left on device##java.io.IOException: No space left on device
	at java.io.FileOutputStream.writeBytes(Native Method)
	at java.io.FileOutputStream.write(FileOutputStream.java:326)
	at sun.nio.cs.StreamEncoder.writeBytes(StreamEncoder.java:221)
	at sun.nio.cs.StreamEncoder.implFlushBuffer(StreamEncoder.java:291)
	at sun.nio.cs.StreamEncoder.implFlush(StreamEncoder.java:295)
	at sun.nio.cs.StreamEncoder.flush(StreamEncoder.java:141)
	at java.io.OutputStreamWriter.flush(OutputStreamWriter.java:229)
	at java.io.BufferedWriter.flush(BufferedWriter.java:254)
	at com.popoaichuiniu.util.WriteFile.flush(WriteFile.java:43)
	at com.popoaichuiniu.jacy.statistic.IntentImplicitUse.doAnalysisOneApk(IntentImplicitUse.java:132)
	at com.popoaichuiniu.jacy.statistic.IntentImplicitUse.access$000(IntentImplicitUse.java:27)
	at com.popoaichuiniu.jacy.statistic.IntentImplicitUse$1.run(IntentImplicitUse.java:82)
	at java.lang.Thread.run(Thread.java:748)

2018-11-24 18:51:51,635 ERROR [Thread-7745] com.popoaichuiniu.util.WriteFile.flush(45) | No space left on device##java.io.IOException: No space left on device
	at java.io.FileOutputStream.writeBytes(Native Method)
	at java.io.FileOutputStream.write(FileOutputStream.java:326)
	at sun.nio.cs.StreamEncoder.writeBytes(StreamEncoder.java:221)
	at sun.nio.cs.StreamEncoder.implWrite(StreamEncoder.java:282)
	at sun.nio.cs.StreamEncoder.write(StreamEncoder.java:125)
	at java.io.OutputStreamWriter.write(OutputStreamWriter.java:207)
	at java.io.BufferedWriter.flushBuffer(BufferedWriter.java:129)
	at java.io.BufferedWriter.flush(BufferedWriter.java:253)
	at com.popoaichuiniu.util.WriteFile.flush(WriteFile.java:43)
	at com.popoaichuiniu.jacy.statistic.IntentImplicitUse.doAnalysisOneApk(IntentImplicitUse.java:132)
	at com.popoaichuiniu.jacy.statistic.IntentImplicitUse.access$000(IntentImplicitUse.java:27)
	at com.popoaichuiniu.jacy.statistic.IntentImplicitUse$1.run(IntentImplicitUse.java:82)
	at java.lang.Thread.run(Thread.java:748)

